TN:
SF:controllers\controller.mjs
FN:10,isValidXML
FN:27,containsXXEPatterns
FN:39,(anonymous_2)
FN:43,setupRoutes
FN:79,(anonymous_4)
FN:80,(anonymous_5)
FN:87,(anonymous_6)
FN:105,(anonymous_7)
FN:119,(anonymous_8)
FN:137,(anonymous_9)
FN:149,(anonymous_10)
FN:150,(anonymous_11)
FN:161,(anonymous_12)
FN:169,(anonymous_13)
FN:206,(anonymous_14)
FN:267,(anonymous_15)
FN:321,processDeckData
FN:343,(anonymous_17)
FN:357,(anonymous_18)
FN:364,calculateDeckStatistics
FN:385,(anonymous_20)
FN:448,parseManaCost
FN:484,updateColorDistribution
FN:496,scanDeckFiles
FN:519,(anonymous_24)
FN:579,(anonymous_25)
FNF:26
FNH:0
FNDA:0,isValidXML
FNDA:0,containsXXEPatterns
FNDA:0,(anonymous_2)
FNDA:0,setupRoutes
FNDA:0,(anonymous_4)
FNDA:0,(anonymous_5)
FNDA:0,(anonymous_6)
FNDA:0,(anonymous_7)
FNDA:0,(anonymous_8)
FNDA:0,(anonymous_9)
FNDA:0,(anonymous_10)
FNDA:0,(anonymous_11)
FNDA:0,(anonymous_12)
FNDA:0,(anonymous_13)
FNDA:0,(anonymous_14)
FNDA:0,(anonymous_15)
FNDA:0,processDeckData
FNDA:0,(anonymous_17)
FNDA:0,(anonymous_18)
FNDA:0,calculateDeckStatistics
FNDA:0,(anonymous_20)
FNDA:0,parseManaCost
FNDA:0,updateColorDistribution
FNDA:0,scanDeckFiles
FNDA:0,(anonymous_24)
FNDA:0,(anonymous_25)
DA:11,0
DA:13,0
DA:14,0
DA:18,0
DA:19,0
DA:21,0
DA:23,0
DA:28,0
DA:39,0
DA:45,0
DA:57,0
DA:66,0
DA:71,0
DA:76,0
DA:79,0
DA:80,0
DA:81,0
DA:87,0
DA:88,0
DA:89,0
DA:90,0
DA:91,0
DA:92,0
DA:94,0
DA:95,0
DA:99,0
DA:100,0
DA:106,0
DA:109,0
DA:111,0
DA:112,0
DA:114,0
DA:119,0
DA:120,0
DA:123,0
DA:124,0
DA:127,0
DA:128,0
DA:129,0
DA:132,0
DA:133,0
DA:137,0
DA:138,0
DA:140,0
DA:141,0
DA:146,0
DA:149,0
DA:150,0
DA:151,0
DA:152,0
DA:154,0
DA:156,0
DA:161,0
DA:162,0
DA:163,0
DA:165,0
DA:169,0
DA:170,0
DA:171,0
DA:172,0
DA:176,0
DA:177,0
DA:180,0
DA:181,0
DA:185,0
DA:186,0
DA:187,0
DA:191,0
DA:192,0
DA:197,0
DA:199,0
DA:200,0
DA:206,0
DA:207,0
DA:208,0
DA:211,0
DA:213,0
DA:215,0
DA:217,0
DA:218,0
DA:219,0
DA:220,0
DA:221,0
DA:222,0
DA:223,0
DA:224,0
DA:230,0
DA:231,0
DA:232,0
DA:238,0
DA:240,0
DA:243,0
DA:249,0
DA:250,0
DA:252,0
DA:258,0
DA:259,0
DA:267,0
DA:268,0
DA:269,0
DA:270,0
DA:276,0
DA:279,0
DA:280,0
DA:287,0
DA:288,0
DA:289,0
DA:296,0
DA:302,0
DA:303,0
DA:305,0
DA:311,0
DA:312,0
DA:322,0
DA:325,0
DA:328,0
DA:330,0
DA:331,0
DA:333,0
DA:334,0
DA:336,0
DA:337,0
DA:339,0
DA:343,0
DA:351,0
DA:353,0
DA:357,0
DA:365,0
DA:366,0
DA:367,0
DA:368,0
DA:369,0
DA:370,0
DA:373,0
DA:374,0
DA:375,0
DA:385,0
DA:386,0
DA:387,0
DA:389,0
DA:392,0
DA:393,0
DA:394,0
DA:395,0
DA:396,0
DA:397,0
DA:399,0
DA:400,0
DA:401,0
DA:402,0
DA:403,0
DA:404,0
DA:405,0
DA:406,0
DA:407,0
DA:408,0
DA:409,0
DA:410,0
DA:411,0
DA:413,0
DA:414,0
DA:418,0
DA:419,0
DA:420,0
DA:422,0
DA:423,0
DA:424,0
DA:427,0
DA:431,0
DA:435,0
DA:449,0
DA:452,0
DA:453,0
DA:457,0
DA:460,0
DA:463,0
DA:464,0
DA:467,0
DA:468,0
DA:471,0
DA:472,0
DA:475,0
DA:476,0
DA:480,0
DA:485,0
DA:487,0
DA:488,0
DA:489,0
DA:490,0
DA:497,0
DA:500,0
DA:509,0
DA:514,0
DA:515,0
DA:516,0
DA:518,0
DA:519,0
DA:521,0
DA:522,0
DA:523,0
DA:525,0
DA:527,0
DA:528,0
DA:531,0
DA:532,0
DA:534,0
DA:535,0
DA:536,0
DA:537,0
DA:538,0
DA:542,0
DA:545,0
DA:546,0
DA:547,0
DA:548,0
DA:549,0
DA:552,0
DA:561,0
DA:563,0
DA:574,0
DA:579,0
DA:580,0
DA:581,0
DA:583,0
DA:586,0
LF:225
LH:0
BRDA:13,0,0,0
BRDA:13,0,1,0
BRDA:13,1,0,0
BRDA:13,1,1,0
BRDA:21,2,0,0
BRDA:21,2,1,0
BRDA:111,3,0,0
BRDA:111,3,1,0
BRDA:123,4,0,0
BRDA:123,4,1,0
BRDA:124,5,0,0
BRDA:124,5,1,0
BRDA:127,6,0,0
BRDA:127,6,1,0
BRDA:127,7,0,0
BRDA:127,7,1,0
BRDA:138,8,0,0
BRDA:138,8,1,0
BRDA:151,9,0,0
BRDA:151,9,1,0
BRDA:162,10,0,0
BRDA:162,10,1,0
BRDA:162,11,0,0
BRDA:162,11,1,0
BRDA:171,12,0,0
BRDA:171,12,1,0
BRDA:180,13,0,0
BRDA:180,13,1,0
BRDA:185,14,0,0
BRDA:185,14,1,0
BRDA:215,15,0,0
BRDA:215,15,1,0
BRDA:221,16,0,0
BRDA:221,16,1,0
BRDA:230,17,0,0
BRDA:230,17,1,0
BRDA:230,18,0,0
BRDA:230,18,1,0
BRDA:269,19,0,0
BRDA:269,19,1,0
BRDA:279,20,0,0
BRDA:279,20,1,0
BRDA:287,21,0,0
BRDA:287,21,1,0
BRDA:328,22,0,0
BRDA:328,22,1,0
BRDA:328,23,0,0
BRDA:328,23,1,0
BRDA:330,24,0,0
BRDA:330,24,1,0
BRDA:331,25,0,0
BRDA:331,25,1,0
BRDA:331,26,0,0
BRDA:331,26,1,0
BRDA:333,27,0,0
BRDA:333,27,1,0
BRDA:334,28,0,0
BRDA:334,28,1,0
BRDA:334,29,0,0
BRDA:334,29,1,0
BRDA:336,30,0,0
BRDA:336,30,1,0
BRDA:337,31,0,0
BRDA:337,31,1,0
BRDA:339,32,0,0
BRDA:339,32,1,0
BRDA:344,33,0,0
BRDA:344,33,1,0
BRDA:344,33,2,0
BRDA:344,33,3,0
BRDA:345,34,0,0
BRDA:345,34,1,0
BRDA:345,34,2,0
BRDA:345,34,3,0
BRDA:346,35,0,0
BRDA:346,35,1,0
BRDA:346,35,2,0
BRDA:346,35,3,0
BRDA:346,35,4,0
BRDA:347,36,0,0
BRDA:347,36,1,0
BRDA:347,36,2,0
BRDA:347,36,3,0
BRDA:347,36,4,0
BRDA:348,37,0,0
BRDA:348,37,1,0
BRDA:348,37,2,0
BRDA:348,37,3,0
BRDA:348,37,4,0
BRDA:386,38,0,0
BRDA:386,38,1,0
BRDA:389,39,0,0
BRDA:389,39,1,0
BRDA:392,40,0,0
BRDA:392,40,1,0
BRDA:395,41,0,0
BRDA:395,41,1,0
BRDA:399,42,0,0
BRDA:399,42,1,0
BRDA:400,43,0,0
BRDA:400,43,1,0
BRDA:403,44,0,0
BRDA:403,44,1,0
BRDA:406,45,0,0
BRDA:406,45,1,0
BRDA:409,46,0,0
BRDA:409,46,1,0
BRDA:409,47,0,0
BRDA:409,47,1,0
BRDA:418,48,0,0
BRDA:418,48,1,0
BRDA:422,49,0,0
BRDA:422,49,1,0
BRDA:422,50,0,0
BRDA:422,50,1,0
BRDA:427,51,0,0
BRDA:427,51,1,0
BRDA:440,52,0,0
BRDA:440,52,1,0
BRDA:449,53,0,0
BRDA:449,53,1,0
BRDA:452,54,0,0
BRDA:452,54,1,0
BRDA:467,55,0,0
BRDA:467,55,1,0
BRDA:467,56,0,0
BRDA:467,56,1,0
BRDA:471,57,0,0
BRDA:471,57,1,0
BRDA:475,58,0,0
BRDA:475,58,1,0
BRDA:475,59,0,0
BRDA:475,59,1,0
BRDA:475,59,2,0
BRDA:488,60,0,0
BRDA:488,60,1,0
BRDA:489,61,0,0
BRDA:489,61,1,0
BRDA:490,62,0,0
BRDA:490,62,1,0
BRDA:516,63,0,0
BRDA:516,63,1,0
BRDA:534,64,0,0
BRDA:534,64,1,0
BRDA:535,65,0,0
BRDA:535,65,1,0
BRDA:536,66,0,0
BRDA:536,66,1,0
BRDA:537,67,0,0
BRDA:537,67,1,0
BRDA:538,68,0,0
BRDA:538,68,1,0
BRDA:545,69,0,0
BRDA:545,69,1,0
BRDA:545,70,0,0
BRDA:545,70,1,0
BRDA:546,71,0,0
BRDA:546,71,1,0
BRDA:547,72,0,0
BRDA:547,72,1,0
BRDA:548,73,0,0
BRDA:548,73,1,0
BRDA:580,74,0,0
BRDA:580,74,1,0
BRF:164
BRH:0
end_of_record
TN:
SF:controllers\deckController.mjs
FN:8,(anonymous_0)
FN:20,(anonymous_1)
FN:29,(anonymous_2)
FN:55,(anonymous_3)
FN:83,(anonymous_4)
FN:112,(anonymous_5)
FNF:6
FNH:0
FNDA:0,(anonymous_0)
FNDA:0,(anonymous_1)
FNDA:0,(anonymous_2)
FNDA:0,(anonymous_3)
FNDA:0,(anonymous_4)
FNDA:0,(anonymous_5)
DA:8,0
DA:9,0
DA:11,0
DA:20,0
DA:21,0
DA:23,0
DA:24,0
DA:27,0
DA:29,0
DA:38,0
DA:39,0
DA:40,0
DA:44,0
DA:46,0
DA:55,0
DA:56,0
DA:58,0
DA:59,0
DA:63,0
DA:64,0
DA:66,0
DA:67,0
DA:69,0
DA:79,0
DA:83,0
DA:84,0
DA:86,0
DA:87,0
DA:91,0
DA:93,0
DA:94,0
DA:95,0
DA:97,0
DA:105,0
DA:106,0
DA:108,0
DA:112,0
DA:113,0
DA:115,0
DA:116,0
DA:119,0
DA:120,0
DA:122,0
LF:43
LH:0
BRDA:23,0,0,0
BRDA:23,0,1,0
BRDA:23,1,0,0
BRDA:23,1,1,0
BRDA:23,1,2,0
BRDA:30,2,0,0
BRDA:30,2,1,0
BRDA:31,3,0,0
BRDA:31,3,1,0
BRDA:32,4,0,0
BRDA:32,4,1,0
BRDA:33,5,0,0
BRDA:33,5,1,0
BRDA:39,6,0,0
BRDA:39,6,1,0
BRDA:58,7,0,0
BRDA:58,7,1,0
BRDA:58,8,0,0
BRDA:58,8,1,0
BRDA:86,9,0,0
BRDA:86,9,1,0
BRDA:105,10,0,0
BRDA:105,10,1,0
BRDA:115,11,0,0
BRDA:115,11,1,0
BRF:25
BRH:0
end_of_record
TN:
SF:scripts\alldecks.mjs
FN:73,startCompareDecks
FN:99,getConvertedCost
FN:114,(anonymous_2)
FN:143,displayDeckComparison
FN:162,calculateDeckStatistics
FN:218,renderSortedTable
FN:230,setupTableSorting
FN:233,(anonymous_7)
FN:234,(anonymous_8)
FN:252,updateSortIndicators
FN:255,(anonymous_10)
FN:275,updateLibraryStats
FN:277,(anonymous_12)
FN:278,(anonymous_13)
FN:282,(anonymous_14)
FN:283,(anonymous_15)
FN:284,(anonymous_16)
FN:285,(anonymous_17)
FN:286,(anonymous_18)
FN:289,(anonymous_19)
FN:306,(anonymous_20)
FN:310,(anonymous_21)
FN:315,setupSearch
FN:321,(anonymous_23)
FN:333,handleSearch
FN:337,(anonymous_25)
FN:345,renderFilteredTable
FN:353,(anonymous_27)
FN:374,(anonymous_28)
FN:419,appendTableCell
FNF:30
FNH:0
FNDA:0,startCompareDecks
FNDA:0,getConvertedCost
FNDA:0,(anonymous_2)
FNDA:0,displayDeckComparison
FNDA:0,calculateDeckStatistics
FNDA:0,renderSortedTable
FNDA:0,setupTableSorting
FNDA:0,(anonymous_7)
FNDA:0,(anonymous_8)
FNDA:0,updateSortIndicators
FNDA:0,(anonymous_10)
FNDA:0,updateLibraryStats
FNDA:0,(anonymous_12)
FNDA:0,(anonymous_13)
FNDA:0,(anonymous_14)
FNDA:0,(anonymous_15)
FNDA:0,(anonymous_16)
FNDA:0,(anonymous_17)
FNDA:0,(anonymous_18)
FNDA:0,(anonymous_19)
FNDA:0,(anonymous_20)
FNDA:0,(anonymous_21)
FNDA:0,setupSearch
FNDA:0,(anonymous_23)
FNDA:0,handleSearch
FNDA:0,(anonymous_25)
FNDA:0,renderFilteredTable
FNDA:0,(anonymous_27)
FNDA:0,(anonymous_28)
FNDA:0,appendTableCell
DA:5,0
DA:69,0
DA:70,0
DA:71,0
DA:74,0
DA:76,0
DA:78,0
DA:80,0
DA:81,0
DA:82,0
DA:83,0
DA:87,0
DA:88,0
DA:89,0
DA:90,0
DA:92,0
DA:93,0
DA:100,0
DA:102,0
DA:103,0
DA:104,0
DA:105,0
DA:108,0
DA:109,0
DA:112,0
DA:114,0
DA:115,0
DA:118,0
DA:119,0
DA:120,0
DA:121,0
DA:124,0
DA:126,0
DA:129,0
DA:130,0
DA:134,0
DA:138,0
DA:139,0
DA:140,0
DA:144,0
DA:145,0
DA:146,0
DA:149,0
DA:163,0
DA:174,0
DA:175,0
DA:176,0
DA:177,0
DA:178,0
DA:180,0
DA:181,0
DA:183,0
DA:184,0
DA:185,0
DA:186,0
DA:188,0
DA:190,0
DA:191,0
DA:193,0
DA:194,0
DA:196,0
DA:197,0
DA:199,0
DA:200,0
DA:205,0
DA:207,0
DA:208,0
DA:209,0
DA:213,0
DA:220,0
DA:223,0
DA:224,0
DA:225,0
DA:226,0
DA:231,0
DA:233,0
DA:234,0
DA:235,0
DA:237,0
DA:239,0
DA:242,0
DA:243,0
DA:246,0
DA:253,0
DA:255,0
DA:256,0
DA:257,0
DA:259,0
DA:261,0
DA:262,0
DA:263,0
DA:264,0
DA:267,0
DA:268,0
DA:276,0
DA:277,0
DA:278,0
DA:281,0
DA:282,0
DA:283,0
DA:284,0
DA:285,0
DA:286,0
DA:289,0
DA:290,0
DA:294,0
DA:295,0
DA:296,0
DA:297,0
DA:299,0
DA:300,0
DA:301,0
DA:302,0
DA:306,0
DA:307,0
DA:310,0
DA:311,0
DA:316,0
DA:317,0
DA:319,0
DA:320,0
DA:321,0
DA:322,0
DA:323,0
DA:328,0
DA:329,0
DA:334,0
DA:337,0
DA:338,0
DA:342,0
DA:346,0
DA:347,0
DA:350,0
DA:353,0
DA:354,0
DA:355,0
DA:358,0
DA:359,0
DA:363,0
DA:364,0
DA:366,0
DA:367,0
DA:369,0
DA:374,0
DA:375,0
DA:378,0
DA:379,0
DA:380,0
DA:381,0
DA:382,0
DA:383,0
DA:384,0
DA:385,0
DA:386,0
DA:389,0
DA:390,0
DA:396,0
DA:398,0
DA:402,0
DA:405,0
DA:406,0
DA:407,0
DA:408,0
DA:409,0
DA:410,0
DA:411,0
DA:412,0
DA:413,0
DA:414,0
DA:415,0
DA:420,0
DA:421,0
DA:422,0
DA:423,0
DA:425,0
LF:175
LH:0
BRDA:102,0,0,0
BRDA:102,0,1,0
BRDA:102,1,0,0
BRDA:102,1,1,0
BRDA:112,2,0,0
BRDA:112,2,1,0
BRDA:118,3,0,0
BRDA:118,3,1,0
BRDA:124,4,0,0
BRDA:124,4,1,0
BRDA:124,5,0,0
BRDA:124,5,1,0
BRDA:124,5,2,0
BRDA:124,5,3,0
BRDA:126,6,0,0
BRDA:126,6,1,0
BRDA:126,7,0,0
BRDA:126,7,1,0
BRDA:126,7,2,0
BRDA:129,8,0,0
BRDA:129,8,1,0
BRDA:176,9,0,0
BRDA:176,9,1,0
BRDA:178,10,0,0
BRDA:178,10,1,0
BRDA:180,11,0,0
BRDA:180,11,1,0
BRDA:183,12,0,0
BRDA:183,12,1,0
BRDA:185,13,0,0
BRDA:185,13,1,0
BRDA:188,14,0,0
BRDA:188,14,1,0
BRDA:188,14,2,0
BRDA:188,14,3,0
BRDA:207,15,0,0
BRDA:207,15,1,0
BRDA:225,16,0,0
BRDA:225,16,1,0
BRDA:226,17,0,0
BRDA:226,17,1,0
BRDA:237,18,0,0
BRDA:237,18,1,0
BRDA:239,19,0,0
BRDA:239,19,1,0
BRDA:261,20,0,0
BRDA:261,20,1,0
BRDA:263,21,0,0
BRDA:263,21,1,0
BRDA:264,22,0,0
BRDA:264,22,1,0
BRDA:267,23,0,0
BRDA:267,23,1,0
BRDA:277,24,0,0
BRDA:277,24,1,0
BRDA:290,25,0,0
BRDA:290,25,1,0
BRDA:299,26,0,0
BRDA:299,26,1,0
BRDA:300,27,0,0
BRDA:300,27,1,0
BRDA:301,28,0,0
BRDA:301,28,1,0
BRDA:302,29,0,0
BRDA:302,29,1,0
BRDA:319,30,0,0
BRDA:319,30,1,0
BRDA:322,31,0,0
BRDA:322,31,1,0
BRDA:328,32,0,0
BRDA:328,32,1,0
BRDA:334,33,0,0
BRDA:334,33,1,0
BRDA:347,34,0,0
BRDA:347,34,1,0
BRDA:358,35,0,0
BRDA:358,35,1,0
BRDA:358,36,0,0
BRDA:358,36,1,0
BRDA:359,37,0,0
BRDA:359,37,1,0
BRDA:366,38,0,0
BRDA:366,38,1,0
BRDA:367,39,0,0
BRDA:367,39,1,0
BRDA:367,40,0,0
BRDA:367,40,1,0
BRDA:369,41,0,0
BRDA:369,41,1,0
BRDA:369,42,0,0
BRDA:369,42,1,0
BRDA:405,43,0,0
BRDA:405,43,1,0
BRDA:419,44,0,0
BRDA:422,45,0,0
BRDA:422,45,1,0
BRF:96
BRH:0
end_of_record
TN:
SF:scripts\config.mjs
FN:7,loadXMLDoc
FN:32,getSelectedItem
FN:51,getCardNameXML
FN:62,extractCardInfo
FN:97,(anonymous_4)
FN:105,isCardOfType
FN:112,buildCardNamesArray
FN:123,createCardImage
FN:141,cardDraw
FN:168,showLargerCard
FN:184,(anonymous_10)
FN:196,hideLargerCard
FN:205,_fetchCardInformation
FN:221,fetchCardInformation
FN:239,displaySuggestions
FN:249,(anonymous_15)
FN:256,(anonymous_16)
FN:270,getCardDetails
FN:294,(anonymous_18)
FN:320,createCardInputFields
FN:388,(anonymous_20)
FN:394,(anonymous_21)
FN:412,checkImageExistsAsync
FN:422,clearGameSections
FN:432,(anonymous_24)
FN:439,handleXMLLoad
FN:463,(anonymous_26)
FN:477,(anonymous_27)
FN:478,(anonymous_28)
FN:480,(anonymous_29)
FN:485,(anonymous_30)
FNF:31
FNH:5
FNDA:0,loadXMLDoc
FNDA:0,getSelectedItem
FNDA:8,getCardNameXML
FNDA:9,extractCardInfo
FNDA:143,(anonymous_4)
FNDA:0,isCardOfType
FNDA:9,buildCardNamesArray
FNDA:0,createCardImage
FNDA:1,cardDraw
FNDA:0,showLargerCard
FNDA:0,(anonymous_10)
FNDA:0,hideLargerCard
FNDA:0,_fetchCardInformation
FNDA:0,fetchCardInformation
FNDA:0,displaySuggestions
FNDA:0,(anonymous_15)
FNDA:0,(anonymous_16)
FNDA:0,getCardDetails
FNDA:0,(anonymous_18)
FNDA:0,createCardInputFields
FNDA:0,(anonymous_20)
FNDA:0,(anonymous_21)
FNDA:0,checkImageExistsAsync
FNDA:0,clearGameSections
FNDA:0,(anonymous_24)
FNDA:0,handleXMLLoad
FNDA:0,(anonymous_26)
FNDA:0,(anonymous_27)
FNDA:0,(anonymous_28)
FNDA:0,(anonymous_29)
FNDA:0,(anonymous_30)
DA:4,2
DA:8,0
DA:10,0
DA:12,0
DA:14,0
DA:18,0
DA:19,0
DA:20,0
DA:23,0
DA:26,0
DA:27,0
DA:34,0
DA:37,0
DA:40,0
DA:41,0
DA:43,0
DA:48,0
DA:52,8
DA:53,8
DA:54,8
DA:56,7
DA:63,9
DA:65,9
DA:66,143
DA:67,143
DA:68,143
DA:69,143
DA:70,143
DA:71,143
DA:72,143
DA:78,143
DA:79,143
DA:84,143
DA:85,112
DA:88,143
DA:89,133
DA:92,143
DA:94,9
DA:95,9
DA:97,9
DA:98,143
DA:101,9
DA:102,9
DA:106,0
DA:107,0
DA:109,0
DA:113,9
DA:115,9
DA:116,143
DA:117,143
DA:119,8
DA:120,8
DA:124,0
DA:125,0
DA:128,0
DA:129,0
DA:132,0
DA:135,0
DA:136,0
DA:138,0
DA:142,1
DA:143,1
DA:144,1
DA:145,1
DA:146,1
DA:148,1
DA:149,7
DA:150,7
DA:151,7
DA:155,7
DA:156,4
DA:158,3
DA:162,1
DA:169,0
DA:174,0
DA:175,0
DA:176,0
DA:179,0
DA:180,0
DA:181,0
DA:184,0
DA:185,0
DA:188,0
DA:189,0
DA:191,0
DA:192,0
DA:197,0
DA:198,0
DA:199,0
DA:201,0
DA:206,0
DA:209,0
DA:212,0
DA:216,0
DA:217,0
DA:223,0
DA:227,0
DA:234,0
DA:235,0
DA:240,0
DA:241,0
DA:242,0
DA:244,0
DA:245,0
DA:247,0
DA:249,0
DA:250,0
DA:251,0
DA:252,0
DA:253,0
DA:256,0
DA:257,0
DA:258,0
DA:259,0
DA:261,0
DA:264,0
DA:266,0
DA:271,0
DA:273,0
DA:276,0
DA:279,0
DA:280,0
DA:283,0
DA:286,0
DA:287,0
DA:290,0
DA:293,0
DA:294,0
DA:295,0
DA:298,0
DA:300,0
DA:302,0
DA:303,0
DA:306,0
DA:308,0
DA:312,0
DA:316,0
DA:321,0
DA:322,0
DA:323,0
DA:325,0
DA:327,0
DA:328,0
DA:331,0
DA:333,0
DA:334,0
DA:336,0
DA:337,0
DA:341,0
DA:382,0
DA:384,0
DA:385,0
DA:386,0
DA:388,0
DA:390,0
DA:391,0
DA:394,0
DA:396,0
DA:397,0
DA:398,0
DA:400,0
DA:404,0
DA:405,0
DA:406,0
DA:413,0
DA:414,0
DA:415,0
DA:417,0
DA:418,0
DA:423,0
DA:432,0
DA:433,0
DA:434,0
DA:435,0
DA:440,0
DA:443,0
DA:445,0
DA:446,0
DA:447,0
DA:450,0
DA:451,0
DA:453,0
DA:459,0
DA:463,2
DA:464,0
DA:465,0
DA:466,0
DA:467,0
DA:469,0
DA:470,0
DA:472,0
DA:473,0
DA:477,2
DA:478,0
DA:479,0
DA:480,0
DA:481,0
DA:485,2
DA:486,0
DA:487,0
DA:490,2
LF:201
LH:50
BRDA:12,0,0,0
BRDA:12,0,1,0
BRDA:41,1,0,0
BRDA:41,1,1,0
BRDA:70,2,0,135
BRDA:70,2,1,8
BRDA:72,3,0,135
BRDA:72,3,1,8
BRDA:78,4,0,143
BRDA:78,4,1,0
BRDA:84,5,0,112
BRDA:84,5,1,31
BRDA:84,6,0,143
BRDA:84,6,1,135
BRDA:88,7,0,133
BRDA:88,7,1,10
BRDA:88,8,0,143
BRDA:88,8,1,135
BRDA:98,9,0,11
BRDA:98,9,1,132
BRDA:106,10,0,0
BRDA:106,10,1,0
BRDA:106,11,0,0
BRDA:106,11,1,0
BRDA:128,12,0,0
BRDA:128,12,1,0
BRDA:128,13,0,0
BRDA:128,13,1,0
BRDA:155,14,0,4
BRDA:155,14,1,3
BRDA:155,15,0,7
BRDA:155,15,1,7
BRDA:199,16,0,0
BRDA:199,16,1,0
BRDA:244,17,0,0
BRDA:244,17,1,0
BRDA:244,18,0,0
BRDA:244,18,1,0
BRDA:244,18,2,0
BRDA:257,19,0,0
BRDA:257,19,1,0
BRDA:258,20,0,0
BRDA:258,20,1,0
BRDA:279,21,0,0
BRDA:279,21,1,0
BRDA:286,22,0,0
BRDA:286,22,1,0
BRDA:293,23,0,0
BRDA:293,23,1,0
BRDA:293,24,0,0
BRDA:293,24,1,0
BRDA:295,25,0,0
BRDA:295,25,1,0
BRDA:298,26,0,0
BRDA:298,26,1,0
BRDA:302,27,0,0
BRDA:302,27,1,0
BRDA:303,28,0,0
BRDA:303,28,1,0
BRDA:306,29,0,0
BRDA:306,29,1,0
BRDA:345,30,0,0
BRDA:345,30,1,0
BRDA:356,31,0,0
BRDA:356,31,1,0
BRDA:397,32,0,0
BRDA:397,32,1,0
BRDA:404,33,0,0
BRDA:404,33,1,0
BRDA:405,34,0,0
BRDA:405,34,1,0
BRDA:434,35,0,0
BRDA:434,35,1,0
BRDA:443,36,0,0
BRDA:443,36,1,0
BRDA:453,37,0,0
BRDA:453,37,1,0
BRDA:466,38,0,0
BRDA:466,38,1,0
BRF:79
BRH:19
end_of_record
TN:
SF:scripts\createDeckFormEventListeners.mjs
FN:13,(anonymous_0)
FN:22,(anonymous_1)
FN:36,(anonymous_2)
FN:55,(anonymous_3)
FN:62,(anonymous_4)
FN:70,(anonymous_5)
FN:74,(anonymous_6)
FN:82,(anonymous_7)
FN:84,(anonymous_8)
FN:93,(anonymous_9)
FN:99,(anonymous_10)
FN:108,(anonymous_11)
FN:146,(anonymous_12)
FN:163,(anonymous_13)
FN:175,(anonymous_14)
FN:203,(anonymous_15)
FN:230,(anonymous_16)
FN:238,(anonymous_17)
FN:245,(anonymous_18)
FN:285,loadEventListeners
FN:286,(anonymous_20)
FN:294,(anonymous_21)
FN:304,(anonymous_22)
FNF:23
FNH:0
FNDA:0,(anonymous_0)
FNDA:0,(anonymous_1)
FNDA:0,(anonymous_2)
FNDA:0,(anonymous_3)
FNDA:0,(anonymous_4)
FNDA:0,(anonymous_5)
FNDA:0,(anonymous_6)
FNDA:0,(anonymous_7)
FNDA:0,(anonymous_8)
FNDA:0,(anonymous_9)
FNDA:0,(anonymous_10)
FNDA:0,(anonymous_11)
FNDA:0,(anonymous_12)
FNDA:0,(anonymous_13)
FNDA:0,(anonymous_14)
FNDA:0,(anonymous_15)
FNDA:0,(anonymous_16)
FNDA:0,(anonymous_17)
FNDA:0,(anonymous_18)
FNDA:0,loadEventListeners
FNDA:0,(anonymous_20)
FNDA:0,(anonymous_21)
FNDA:0,(anonymous_22)
DA:13,0
DA:14,0
DA:15,0
DA:16,0
DA:17,0
DA:22,0
DA:23,0
DA:24,0
DA:25,0
DA:26,0
DA:29,0
DA:30,0
DA:32,0
DA:36,0
DA:37,0
DA:38,0
DA:39,0
DA:40,0
DA:43,0
DA:44,0
DA:45,0
DA:48,0
DA:50,0
DA:55,0
DA:56,0
DA:57,0
DA:58,0
DA:60,0
DA:62,0
DA:63,0
DA:66,0
DA:70,0
DA:71,0
DA:74,0
DA:75,0
DA:76,0
DA:77,0
DA:79,0
DA:82,0
DA:83,0
DA:84,0
DA:85,0
DA:86,0
DA:88,0
DA:93,0
DA:94,0
DA:99,0
DA:100,0
DA:101,0
DA:103,0
DA:104,0
DA:108,0
DA:109,0
DA:110,0
DA:111,0
DA:112,0
DA:113,0
DA:114,0
DA:116,0
DA:119,0
DA:123,0
DA:132,0
DA:135,0
DA:139,0
DA:142,0
DA:146,0
DA:147,0
DA:149,0
DA:153,0
DA:154,0
DA:156,0
DA:157,0
DA:158,0
DA:160,0
DA:163,0
DA:164,0
DA:165,0
DA:167,0
DA:168,0
DA:170,0
DA:175,0
DA:176,0
DA:177,0
DA:178,0
DA:179,0
DA:182,0
DA:188,0
DA:189,0
DA:190,0
DA:191,0
DA:192,0
DA:193,0
DA:195,0
DA:199,0
DA:203,0
DA:204,0
DA:205,0
DA:206,0
DA:207,0
DA:208,0
DA:211,0
DA:212,0
DA:215,0
DA:216,0
DA:217,0
DA:218,0
DA:221,0
DA:230,0
DA:231,0
DA:232,0
DA:233,0
DA:234,0
DA:235,0
DA:238,0
DA:239,0
DA:240,0
DA:241,0
DA:245,0
DA:246,0
DA:248,0
DA:249,0
DA:250,0
DA:251,0
DA:252,0
DA:253,0
DA:254,0
DA:255,0
DA:256,0
DA:258,0
DA:259,0
DA:261,0
DA:262,0
DA:263,0
DA:265,0
DA:268,0
DA:278,0
DA:282,0
DA:286,0
DA:288,0
DA:289,0
DA:291,0
DA:292,0
DA:294,0
DA:295,0
DA:298,0
DA:301,0
DA:304,0
DA:305,0
DA:306,0
DA:307,0
DA:316,0
DA:317,0
DA:320,0
DA:321,0
LF:154
LH:0
BRDA:16,0,0,0
BRDA:16,0,1,0
BRDA:25,1,0,0
BRDA:25,1,1,0
BRDA:39,2,0,0
BRDA:39,2,1,0
BRDA:44,3,0,0
BRDA:44,3,1,0
BRDA:76,4,0,0
BRDA:76,4,1,0
BRDA:85,5,0,0
BRDA:85,5,1,0
BRDA:85,6,0,0
BRDA:85,6,1,0
BRDA:101,7,0,0
BRDA:101,7,1,0
BRDA:110,8,0,0
BRDA:110,8,1,0
BRDA:119,9,0,0
BRDA:119,9,1,0
BRDA:119,10,0,0
BRDA:119,10,1,0
BRDA:147,11,0,0
BRDA:147,11,1,0
BRDA:156,12,0,0
BRDA:156,12,1,0
BRDA:168,13,0,0
BRDA:168,13,1,0
BRDA:177,14,0,0
BRDA:177,14,1,0
BRDA:191,15,0,0
BRDA:191,15,1,0
BRDA:211,16,0,0
BRDA:211,16,1,0
BRDA:216,17,0,0
BRDA:216,17,1,0
BRDA:224,18,0,0
BRDA:224,18,1,0
BRDA:225,19,0,0
BRDA:225,19,1,0
BRDA:226,20,0,0
BRDA:226,20,1,0
BRDA:239,21,0,0
BRDA:239,21,1,0
BRDA:240,22,0,0
BRDA:240,22,1,0
BRDA:250,23,0,0
BRDA:250,23,1,0
BRDA:251,24,0,0
BRDA:251,24,1,0
BRDA:252,25,0,0
BRDA:252,25,1,0
BRDA:253,26,0,0
BRDA:253,26,1,0
BRDA:254,27,0,0
BRDA:254,27,1,0
BRDA:255,28,0,0
BRDA:255,28,1,0
BRDA:256,29,0,0
BRDA:256,29,1,0
BRDA:258,30,0,0
BRDA:258,30,1,0
BRDA:258,31,0,0
BRDA:258,31,1,0
BRDA:258,31,2,0
BRDA:258,31,3,0
BRDA:261,32,0,0
BRDA:261,32,1,0
BRF:68
BRH:0
end_of_record
TN:
SF:scripts\deck-selector-dynamic.mjs
FN:7,(anonymous_0)
FN:12,(anonymous_1)
FN:22,(anonymous_2)
FN:36,(anonymous_3)
FN:59,(anonymous_4)
FN:68,(anonymous_5)
FN:80,(anonymous_6)
FN:83,(anonymous_7)
FN:94,(anonymous_8)
FN:97,(anonymous_9)
FN:98,(anonymous_10)
FN:122,(anonymous_11)
FN:129,(anonymous_12)
FN:138,(anonymous_13)
FNF:14
FNH:0
FNDA:0,(anonymous_0)
FNDA:0,(anonymous_1)
FNDA:0,(anonymous_2)
FNDA:0,(anonymous_3)
FNDA:0,(anonymous_4)
FNDA:0,(anonymous_5)
FNDA:0,(anonymous_6)
FNDA:0,(anonymous_7)
FNDA:0,(anonymous_8)
FNDA:0,(anonymous_9)
FNDA:0,(anonymous_10)
FNDA:0,(anonymous_11)
FNDA:0,(anonymous_12)
FNDA:0,(anonymous_13)
DA:8,0
DA:9,0
DA:13,0
DA:14,0
DA:15,0
DA:16,0
DA:18,0
DA:23,0
DA:24,0
DA:25,0
DA:26,0
DA:28,0
DA:29,0
DA:31,0
DA:32,0
DA:37,0
DA:38,0
DA:39,0
DA:40,0
DA:44,0
DA:45,0
DA:46,0
DA:50,0
DA:53,0
DA:54,0
DA:55,0
DA:59,0
DA:65,0
DA:70,0
DA:72,0
DA:81,0
DA:83,0
DA:84,0
DA:85,0
DA:86,0
DA:88,0
DA:91,0
DA:95,0
DA:97,0
DA:98,0
DA:99,0
DA:100,0
DA:103,0
DA:108,0
DA:109,0
DA:110,0
DA:114,0
DA:115,0
DA:116,0
DA:123,0
DA:124,0
DA:125,0
DA:130,0
DA:131,0
DA:132,0
DA:137,0
DA:138,0
DA:139,0
DA:142,0
LF:59
LH:0
BRDA:25,0,0,0
BRDA:25,0,1,0
BRDA:38,1,0,0
BRDA:38,1,1,0
BRDA:45,2,0,0
BRDA:45,2,1,0
BRDA:70,3,0,0
BRDA:70,3,1,0
BRDA:84,4,0,0
BRDA:84,4,1,0
BRDA:85,5,0,0
BRDA:85,5,1,0
BRDA:109,6,0,0
BRDA:109,6,1,0
BRDA:115,7,0,0
BRDA:115,7,1,0
BRDA:137,8,0,0
BRDA:137,8,1,0
BRF:18
BRH:0
end_of_record
TN:
SF:scripts\deck-selector.mjs
FN:8,initDeckSelector
FN:22,populateDecksFromHTML
FN:24,(anonymous_2)
FN:33,getDeckCategory
FN:48,setupEventListeners
FN:51,(anonymous_5)
FN:52,(anonymous_6)
FN:65,(anonymous_7)
FN:79,(anonymous_8)
FN:80,(anonymous_9)
FN:87,showCategory
FN:92,(anonymous_11)
FN:98,(anonymous_12)
FN:103,(anonymous_13)
FN:118,setActiveTab
FN:120,(anonymous_15)
FN:124,handleSearch
FN:128,(anonymous_17)
FN:146,(anonymous_18)
FN:148,(anonymous_19)
FN:160,clearSearch
FN:169,selectDeck
FN:174,(anonymous_22)
FN:215,getDeckNameFromPath
FN:220,getSelectedDeck
FN:224,selectDeckByName
FN:225,(anonymous_26)
FNF:27
FNH:0
FNDA:0,initDeckSelector
FNDA:0,populateDecksFromHTML
FNDA:0,(anonymous_2)
FNDA:0,getDeckCategory
FNDA:0,setupEventListeners
FNDA:0,(anonymous_5)
FNDA:0,(anonymous_6)
FNDA:0,(anonymous_7)
FNDA:0,(anonymous_8)
FNDA:0,(anonymous_9)
FNDA:0,showCategory
FNDA:0,(anonymous_11)
FNDA:0,(anonymous_12)
FNDA:0,(anonymous_13)
FNDA:0,setActiveTab
FNDA:0,(anonymous_15)
FNDA:0,handleSearch
FNDA:0,(anonymous_17)
FNDA:0,(anonymous_18)
FNDA:0,(anonymous_19)
FNDA:0,clearSearch
FNDA:0,selectDeck
FNDA:0,(anonymous_22)
FNDA:0,getDeckNameFromPath
FNDA:0,getSelectedDeck
FNDA:0,selectDeckByName
FNDA:0,(anonymous_26)
DA:3,0
DA:4,0
DA:5,0
DA:10,0
DA:13,0
DA:16,0
DA:19,0
DA:23,0
DA:24,0
DA:34,0
DA:35,0
DA:37,0
DA:38,0
DA:39,0
DA:40,0
DA:41,0
DA:42,0
DA:44,0
DA:50,0
DA:51,0
DA:52,0
DA:53,0
DA:54,0
DA:55,0
DA:60,0
DA:61,0
DA:63,0
DA:64,0
DA:65,0
DA:66,0
DA:67,0
DA:68,0
DA:73,0
DA:74,0
DA:78,0
DA:79,0
DA:80,0
DA:81,0
DA:82,0
DA:88,0
DA:91,0
DA:92,0
DA:93,0
DA:96,0
DA:98,0
DA:99,0
DA:103,0
DA:104,0
DA:106,0
DA:109,0
DA:115,0
DA:119,0
DA:120,0
DA:121,0
DA:125,0
DA:128,0
DA:129,0
DA:133,0
DA:137,0
DA:138,0
DA:140,0
DA:145,0
DA:146,0
DA:147,0
DA:148,0
DA:149,0
DA:152,0
DA:153,0
DA:155,0
DA:161,0
DA:162,0
DA:163,0
DA:164,0
DA:165,0
DA:170,0
DA:173,0
DA:174,0
DA:175,0
DA:176,0
DA:177,0
DA:182,0
DA:183,0
DA:185,0
DA:188,0
DA:189,0
DA:190,0
DA:193,0
DA:194,0
DA:195,0
DA:198,0
DA:199,0
DA:203,0
DA:204,0
DA:205,0
DA:209,0
DA:212,0
DA:216,0
DA:221,0
DA:225,0
DA:226,0
DA:227,0
DA:232,0
DA:233,0
DA:235,0
LF:104
LH:0
BRDA:35,0,0,0
BRDA:35,0,1,0
BRDA:37,1,0,0
BRDA:37,1,1,0
BRDA:39,2,0,0
BRDA:39,2,1,0
BRDA:41,3,0,0
BRDA:41,3,1,0
BRDA:63,4,0,0
BRDA:63,4,1,0
BRDA:66,5,0,0
BRDA:66,5,1,0
BRDA:73,6,0,0
BRDA:73,6,1,0
BRDA:96,7,0,0
BRDA:96,7,1,0
BRDA:106,8,0,0
BRDA:106,8,1,0
BRDA:106,9,0,0
BRDA:106,9,1,0
BRDA:106,9,2,0
BRDA:106,9,3,0
BRDA:106,9,4,0
BRDA:106,9,5,0
BRDA:106,9,6,0
BRDA:129,10,0,0
BRDA:129,10,1,0
BRDA:129,10,2,0
BRDA:133,11,0,0
BRDA:133,11,1,0
BRDA:137,12,0,0
BRDA:137,12,1,0
BRDA:137,13,0,0
BRDA:137,13,1,0
BRDA:137,13,2,0
BRDA:149,14,0,0
BRDA:149,14,1,0
BRDA:152,15,0,0
BRDA:152,15,1,0
BRDA:162,16,0,0
BRDA:162,16,1,0
BRDA:176,17,0,0
BRDA:176,17,1,0
BRDA:183,18,0,0
BRDA:183,18,1,0
BRDA:204,19,0,0
BRDA:204,19,1,0
BRDA:204,20,0,0
BRDA:204,20,1,0
BRDA:226,21,0,0
BRDA:226,21,1,0
BRDA:232,22,0,0
BRDA:232,22,1,0
BRF:53
BRH:0
end_of_record
TN:
SF:scripts\decks.mjs
FN:8,startListDeck
FN:15,initializeApp
FN:19,attachEventListeners
FN:24,(anonymous_3)
FN:29,(anonymous_4)
FN:40,(anonymous_5)
FN:46,deleteCardInDeck
FN:56,convertToXml
FN:71,(anonymous_8)
FN:105,loadFromXml
FN:123,(anonymous_10)
FN:141,getSelectedItem
FN:146,getConvertedCost
FN:190,countColorOccurrences
FN:208,(anonymous_14)
FN:220,(anonymous_15)
FN:237,(anonymous_16)
FN:251,(anonymous_17)
FN:256,deleteRows
FN:314,resetDeckStatistics
FN:328,readCardData
FN:337,updateCardStatistics
FN:369,updateColorStatistics
FN:392,updateDeckStatistics
FN:415,updateTotals
FN:426,updateCostCategories
FN:456,calculateConvertedCost
FN:460,getTableByCardType
FN:495,displayDeck
FN:530,updateDisplayElements
FN:564,initializeDeckTables
FN:579,initializeCardTable
FN:591,(anonymous_32)
FN:618,createHeadingCell
FN:646,createCardTable
FN:679,(anonymous_35)
FNF:36
FNH:0
FNDA:0,startListDeck
FNDA:0,initializeApp
FNDA:0,attachEventListeners
FNDA:0,(anonymous_3)
FNDA:0,(anonymous_4)
FNDA:0,(anonymous_5)
FNDA:0,deleteCardInDeck
FNDA:0,convertToXml
FNDA:0,(anonymous_8)
FNDA:0,loadFromXml
FNDA:0,(anonymous_10)
FNDA:0,getSelectedItem
FNDA:0,getConvertedCost
FNDA:0,countColorOccurrences
FNDA:0,(anonymous_14)
FNDA:0,(anonymous_15)
FNDA:0,(anonymous_16)
FNDA:0,(anonymous_17)
FNDA:0,deleteRows
FNDA:0,resetDeckStatistics
FNDA:0,readCardData
FNDA:0,updateCardStatistics
FNDA:0,updateColorStatistics
FNDA:0,updateDeckStatistics
FNDA:0,updateTotals
FNDA:0,updateCostCategories
FNDA:0,calculateConvertedCost
FNDA:0,getTableByCardType
FNDA:0,displayDeck
FNDA:0,updateDisplayElements
FNDA:0,initializeDeckTables
FNDA:0,initializeCardTable
FNDA:0,(anonymous_32)
FNDA:0,createHeadingCell
FNDA:0,createCardTable
FNDA:0,(anonymous_35)
DA:9,0
DA:10,0
DA:11,0
DA:12,0
DA:16,0
DA:21,0
DA:22,0
DA:24,0
DA:25,0
DA:29,0
DA:30,0
DA:31,0
DA:32,0
DA:33,0
DA:38,0
DA:40,0
DA:41,0
DA:42,0
DA:48,0
DA:49,0
DA:50,0
DA:54,0
DA:57,0
DA:58,0
DA:59,0
DA:62,0
DA:63,0
DA:66,0
DA:67,0
DA:69,0
DA:71,0
DA:72,0
DA:73,0
DA:74,0
DA:75,0
DA:76,0
DA:77,0
DA:78,0
DA:79,0
DA:80,0
DA:81,0
DA:82,0
DA:84,0
DA:85,0
DA:86,0
DA:87,0
DA:88,0
DA:90,0
DA:93,0
DA:94,0
DA:97,0
DA:98,0
DA:100,0
DA:106,0
DA:107,0
DA:108,0
DA:109,0
DA:111,0
DA:112,0
DA:113,0
DA:116,0
DA:117,0
DA:120,0
DA:123,0
DA:124,0
DA:125,0
DA:126,0
DA:127,0
DA:130,0
DA:131,0
DA:132,0
DA:133,0
DA:136,0
DA:137,0
DA:142,0
DA:143,0
DA:148,0
DA:149,0
DA:152,0
DA:154,0
DA:157,0
DA:158,0
DA:161,0
DA:162,0
DA:166,0
DA:167,0
DA:173,0
DA:174,0
DA:175,0
DA:178,0
DA:179,0
DA:180,0
DA:185,0
DA:187,0
DA:191,0
DA:201,0
DA:203,0
DA:205,0
DA:206,0
DA:208,0
DA:209,0
DA:211,0
DA:214,0
DA:215,0
DA:216,0
DA:220,0
DA:221,0
DA:222,0
DA:227,0
DA:228,0
DA:232,0
DA:233,0
DA:237,0
DA:238,0
DA:239,0
DA:244,0
DA:245,0
DA:251,0
DA:252,0
DA:257,0
DA:260,0
DA:261,0
DA:265,0
DA:315,0
DA:316,0
DA:317,0
DA:322,0
DA:323,0
DA:324,0
DA:325,0
DA:329,0
DA:330,0
DA:333,0
DA:334,0
DA:339,0
DA:341,0
DA:342,0
DA:344,0
DA:348,0
DA:350,0
DA:351,0
DA:353,0
DA:354,0
DA:356,0
DA:357,0
DA:359,0
DA:360,0
DA:362,0
DA:363,0
DA:370,0
DA:375,0
DA:378,0
DA:379,0
DA:380,0
DA:381,0
DA:383,0
DA:386,0
DA:389,0
DA:393,0
DA:408,0
DA:409,0
DA:412,0
DA:416,0
DA:418,0
DA:419,0
DA:420,0
DA:421,0
DA:422,0
DA:427,0
DA:429,0
DA:431,0
DA:432,0
DA:434,0
DA:435,0
DA:437,0
DA:438,0
DA:440,0
DA:441,0
DA:443,0
DA:444,0
DA:446,0
DA:447,0
DA:449,0
DA:450,0
DA:452,0
DA:457,0
DA:462,0
DA:463,0
DA:467,0
DA:468,0
DA:472,0
DA:473,0
DA:477,0
DA:478,0
DA:482,0
DA:483,0
DA:487,0
DA:488,0
DA:492,0
DA:496,0
DA:497,0
DA:498,0
DA:499,0
DA:501,0
DA:502,0
DA:504,0
DA:505,0
DA:506,0
DA:507,0
DA:508,0
DA:509,0
DA:510,0
DA:511,0
DA:516,0
DA:518,0
DA:519,0
DA:527,0
DA:531,0
DA:532,0
DA:533,0
DA:534,0
DA:535,0
DA:536,0
DA:537,0
DA:538,0
DA:539,0
DA:540,0
DA:541,0
DA:542,0
DA:543,0
DA:544,0
DA:545,0
DA:546,0
DA:547,0
DA:548,0
DA:549,0
DA:550,0
DA:551,0
DA:552,0
DA:553,0
DA:554,0
DA:555,0
DA:556,0
DA:557,0
DA:558,0
DA:559,0
DA:560,0
DA:561,0
DA:565,0
DA:566,0
DA:567,0
DA:568,0
DA:569,0
DA:570,0
DA:571,0
DA:572,0
DA:573,0
DA:574,0
DA:575,0
DA:576,0
DA:581,0
DA:584,0
DA:585,0
DA:588,0
DA:591,0
DA:592,0
DA:594,0
DA:595,0
DA:597,0
DA:598,0
DA:600,0
DA:601,0
DA:603,0
DA:604,0
DA:610,0
DA:613,0
DA:614,0
DA:619,0
DA:622,0
DA:624,0
DA:625,0
DA:626,0
DA:629,0
DA:631,0
DA:634,0
DA:638,0
DA:641,0
DA:648,0
DA:651,0
DA:652,0
DA:655,0
DA:658,0
DA:659,0
DA:660,0
DA:663,0
DA:664,0
DA:665,0
DA:666,0
DA:667,0
DA:668,0
DA:671,0
DA:673,0
DA:676,0
DA:679,0
DA:680,0
DA:681,0
DA:682,0
DA:683,0
DA:684,0
DA:685,0
DA:687,0
DA:691,0
DA:694,0
DA:695,0
DA:696,0
DA:700,0
DA:703,0
DA:704,0
LF:318
LH:0
BRDA:31,0,0,0
BRDA:31,0,1,0
BRDA:49,1,0,0
BRDA:49,1,1,0
BRDA:108,2,0,0
BRDA:108,2,1,0
BRDA:152,3,0,0
BRDA:152,3,1,0
BRDA:161,4,0,0
BRDA:161,4,1,0
BRDA:166,5,0,0
BRDA:166,5,1,0
BRDA:174,6,0,0
BRDA:174,6,1,0
BRDA:179,7,0,0
BRDA:179,7,1,0
BRDA:201,8,0,0
BRDA:201,8,1,0
BRDA:203,9,0,0
BRDA:203,9,1,0
BRDA:209,10,0,0
BRDA:209,10,1,0
BRDA:215,11,0,0
BRDA:215,11,1,0
BRDA:221,12,0,0
BRDA:221,12,1,0
BRDA:227,13,0,0
BRDA:227,13,1,0
BRDA:232,14,0,0
BRDA:232,14,1,0
BRDA:238,15,0,0
BRDA:238,15,1,0
BRDA:244,16,0,0
BRDA:244,16,1,0
BRDA:316,17,0,0
BRDA:316,17,1,0
BRDA:339,18,0,0
BRDA:339,18,1,0
BRDA:339,19,0,0
BRDA:339,19,1,0
BRDA:342,20,0,0
BRDA:342,20,1,0
BRDA:342,21,0,0
BRDA:342,21,1,0
BRDA:348,22,0,0
BRDA:348,22,1,0
BRDA:348,22,2,0
BRDA:348,22,3,0
BRDA:348,22,4,0
BRDA:370,23,0,0
BRDA:370,23,1,0
BRDA:371,24,0,0
BRDA:371,24,1,0
BRDA:371,24,2,0
BRDA:429,25,0,0
BRDA:429,25,1,0
BRDA:429,25,2,0
BRDA:429,25,3,0
BRDA:429,25,4,0
BRDA:429,25,5,0
BRDA:429,25,6,0
BRDA:429,25,7,0
BRDA:462,26,0,0
BRDA:462,26,1,0
BRDA:462,27,0,0
BRDA:462,27,1,0
BRDA:467,28,0,0
BRDA:467,28,1,0
BRDA:472,29,0,0
BRDA:472,29,1,0
BRDA:472,30,0,0
BRDA:472,30,1,0
BRDA:477,31,0,0
BRDA:477,31,1,0
BRDA:482,32,0,0
BRDA:482,32,1,0
BRDA:487,33,0,0
BRDA:487,33,1,0
BRDA:487,34,0,0
BRDA:487,34,1,0
BRDA:510,35,0,0
BRDA:510,35,1,0
BRDA:584,36,0,0
BRDA:584,36,1,0
BRDA:592,37,0,0
BRDA:592,37,1,0
BRDA:592,37,2,0
BRDA:592,37,3,0
BRDA:613,38,0,0
BRDA:613,38,1,0
BRDA:622,39,0,0
BRDA:622,39,1,0
BRDA:629,40,0,0
BRDA:629,40,1,0
BRDA:651,41,0,0
BRDA:651,41,1,0
BRDA:671,42,0,0
BRDA:671,42,1,0
BRDA:676,43,0,0
BRDA:676,43,1,0
BRDA:680,44,0,0
BRDA:680,44,1,0
BRDA:703,45,0,0
BRDA:703,45,1,0
BRF:104
BRH:0
end_of_record
TN:
SF:scripts\handsimulation.mjs
FN:18,startHandDraw
FN:80,countCardsByType
FN:95,createTotalsContainer
FN:111,createOnTheDrawSection
FN:148,createHandSection
FN:201,calculateMulliganPercentage
FN:210,updateValues
FN:230,createCard
FN:282,getMulliganRate
FN:319,startMulliganCheck
FN:334,displayMulliganChart
FN:381,formatPercentage
FN:391,setupCardHoverBehavior
FN:396,showHoverSpot
FN:402,hideHoverSpot
FN:412,(anonymous_15)
FN:417,(anonymous_16)
FN:426,showLargerCard
FN:455,analyzeHand
FN:471,calculateHandStatistics
FN:488,(anonymous_20)
FN:522,(anonymous_21)
FN:539,evaluateHandQuality
FN:620,updateHandAnalysisUI
FN:646,createHandManaCurveChart
FN:669,(anonymous_25)
FN:801,getCardManaCost
FN:806,getCardColors
FNF:28
FNH:0
FNDA:0,startHandDraw
FNDA:0,countCardsByType
FNDA:0,createTotalsContainer
FNDA:0,createOnTheDrawSection
FNDA:0,createHandSection
FNDA:0,calculateMulliganPercentage
FNDA:0,updateValues
FNDA:0,createCard
FNDA:0,getMulliganRate
FNDA:0,startMulliganCheck
FNDA:0,displayMulliganChart
FNDA:0,formatPercentage
FNDA:0,setupCardHoverBehavior
FNDA:0,showHoverSpot
FNDA:0,hideHoverSpot
FNDA:0,(anonymous_15)
FNDA:0,(anonymous_16)
FNDA:0,showLargerCard
FNDA:0,analyzeHand
FNDA:0,calculateHandStatistics
FNDA:0,(anonymous_20)
FNDA:0,(anonymous_21)
FNDA:0,evaluateHandQuality
FNDA:0,updateHandAnalysisUI
FNDA:0,createHandManaCurveChart
FNDA:0,(anonymous_25)
FNDA:0,getCardManaCost
FNDA:0,getCardColors
DA:13,0
DA:14,0
DA:15,0
DA:16,0
DA:19,0
DA:20,0
DA:23,0
DA:26,0
DA:35,0
DA:36,0
DA:37,0
DA:39,0
DA:40,0
DA:41,0
DA:44,0
DA:45,0
DA:46,0
DA:49,0
DA:52,0
DA:53,0
DA:55,0
DA:56,0
DA:57,0
DA:58,0
DA:60,0
DA:62,0
DA:64,0
DA:75,0
DA:76,0
DA:81,0
DA:83,0
DA:84,0
DA:85,0
DA:86,0
DA:90,0
DA:91,0
DA:96,0
DA:97,0
DA:99,0
DA:100,0
DA:102,0
DA:103,0
DA:105,0
DA:106,0
DA:108,0
DA:112,0
DA:113,0
DA:116,0
DA:117,0
DA:118,0
DA:120,0
DA:121,0
DA:122,0
DA:125,0
DA:126,0
DA:127,0
DA:129,0
DA:130,0
DA:131,0
DA:135,0
DA:136,0
DA:139,0
DA:142,0
DA:145,0
DA:149,0
DA:150,0
DA:152,0
DA:153,0
DA:156,0
DA:157,0
DA:158,0
DA:160,0
DA:161,0
DA:162,0
DA:165,0
DA:166,0
DA:167,0
DA:169,0
DA:170,0
DA:171,0
DA:173,0
DA:174,0
DA:177,0
DA:178,0
DA:179,0
DA:182,0
DA:185,0
DA:188,0
DA:190,0
DA:191,0
DA:194,0
DA:195,0
DA:196,0
DA:198,0
DA:202,0
DA:203,0
DA:205,0
DA:206,0
DA:217,0
DA:218,0
DA:219,0
DA:220,0
DA:221,0
DA:223,0
DA:224,0
DA:225,0
DA:226,0
DA:227,0
DA:232,0
DA:233,0
DA:236,0
DA:237,0
DA:240,0
DA:241,0
DA:242,0
DA:245,0
DA:246,0
DA:249,0
DA:250,0
DA:253,0
DA:254,0
DA:255,0
DA:256,0
DA:257,0
DA:260,0
DA:261,0
DA:262,0
DA:263,0
DA:264,0
DA:267,0
DA:268,0
DA:269,0
DA:270,0
DA:272,0
DA:273,0
DA:276,0
DA:279,0
DA:284,0
DA:287,0
DA:290,0
DA:291,0
DA:292,0
DA:293,0
DA:294,0
DA:297,0
DA:299,0
DA:302,0
DA:304,0
DA:305,0
DA:306,0
DA:309,0
DA:310,0
DA:316,0
DA:320,0
DA:321,0
DA:322,0
DA:323,0
DA:326,0
DA:330,0
DA:336,0
DA:339,0
DA:355,0
DA:358,0
DA:359,0
DA:360,0
DA:362,0
DA:364,0
DA:365,0
DA:367,0
DA:369,0
DA:370,0
DA:373,0
DA:376,0
DA:382,0
DA:384,0
DA:388,0
DA:392,0
DA:393,0
DA:397,0
DA:398,0
DA:403,0
DA:404,0
DA:408,0
DA:409,0
DA:412,0
DA:414,0
DA:417,0
DA:419,0
DA:423,0
DA:428,0
DA:431,0
DA:435,0
DA:438,0
DA:442,0
DA:453,0
DA:456,0
DA:459,0
DA:462,0
DA:465,0
DA:468,0
DA:472,0
DA:485,0
DA:486,0
DA:488,0
DA:489,0
DA:490,0
DA:492,0
DA:495,0
DA:496,0
DA:497,0
DA:498,0
DA:499,0
DA:500,0
DA:501,0
DA:502,0
DA:504,0
DA:505,0
DA:509,0
DA:510,0
DA:511,0
DA:512,0
DA:515,0
DA:516,0
DA:521,0
DA:522,0
DA:523,0
DA:527,0
DA:528,0
DA:532,0
DA:533,0
DA:536,0
DA:540,0
DA:541,0
DA:542,0
DA:545,0
DA:546,0
DA:547,0
DA:548,0
DA:549,0
DA:550,0
DA:552,0
DA:553,0
DA:557,0
DA:558,0
DA:559,0
DA:561,0
DA:562,0
DA:566,0
DA:567,0
DA:568,0
DA:570,0
DA:571,0
DA:575,0
DA:576,0
DA:577,0
DA:578,0
DA:579,0
DA:580,0
DA:584,0
DA:585,0
DA:586,0
DA:587,0
DA:592,0
DA:593,0
DA:594,0
DA:595,0
DA:596,0
DA:597,0
DA:598,0
DA:599,0
DA:600,0
DA:601,0
DA:602,0
DA:603,0
DA:605,0
DA:606,0
DA:607,0
DA:610,0
DA:622,0
DA:623,0
DA:624,0
DA:625,0
DA:626,0
DA:630,0
DA:631,0
DA:632,0
DA:634,0
DA:635,0
DA:638,0
DA:639,0
DA:642,0
DA:647,0
DA:648,0
DA:650,0
DA:652,0
DA:653,0
DA:654,0
DA:657,0
DA:658,0
DA:659,0
DA:663,0
DA:664,0
DA:665,0
DA:666,0
DA:668,0
DA:669,0
DA:670,0
DA:671,0
DA:674,0
DA:675,0
DA:677,0
DA:678,0
DA:682,0
DA:685,0
DA:686,0
DA:690,0
DA:691,0
DA:694,0
DA:695,0
DA:762,0
DA:764,0
DA:765,0
DA:766,0
DA:767,0
DA:772,0
DA:802,0
DA:803,0
DA:807,0
DA:808,0
LF:329
LH:0
BRDA:85,0,0,0
BRDA:85,0,1,0
BRDA:173,1,0,0
BRDA:173,1,1,0
BRDA:202,2,0,0
BRDA:202,2,1,0
BRDA:249,3,0,0
BRDA:249,3,1,0
BRDA:250,4,0,0
BRDA:250,4,1,0
BRDA:255,5,0,0
BRDA:255,5,1,0
BRDA:262,6,0,0
BRDA:262,6,1,0
BRDA:297,7,0,0
BRDA:297,7,1,0
BRDA:297,8,0,0
BRDA:297,8,1,0
BRDA:297,8,2,0
BRDA:302,9,0,0
BRDA:302,9,1,0
BRDA:322,10,0,0
BRDA:322,10,1,0
BRDA:362,11,0,0
BRDA:362,11,1,0
BRDA:382,12,0,0
BRDA:382,12,1,0
BRDA:382,13,0,0
BRDA:382,13,1,0
BRDA:490,14,0,0
BRDA:490,14,1,0
BRDA:492,15,0,0
BRDA:492,15,1,0
BRDA:495,16,0,0
BRDA:495,16,1,0
BRDA:497,17,0,0
BRDA:497,17,1,0
BRDA:500,18,0,0
BRDA:500,18,1,0
BRDA:510,19,0,0
BRDA:510,19,1,0
BRDA:512,20,0,0
BRDA:512,20,1,0
BRDA:515,21,0,0
BRDA:515,21,1,0
BRDA:515,22,0,0
BRDA:515,22,1,0
BRDA:527,23,0,0
BRDA:527,23,1,0
BRDA:527,24,0,0
BRDA:527,24,1,0
BRDA:532,25,0,0
BRDA:532,25,1,0
BRDA:545,26,0,0
BRDA:545,26,1,0
BRDA:545,27,0,0
BRDA:545,27,1,0
BRDA:548,28,0,0
BRDA:548,28,1,0
BRDA:548,29,0,0
BRDA:548,29,1,0
BRDA:557,30,0,0
BRDA:557,30,1,0
BRDA:566,31,0,0
BRDA:566,31,1,0
BRDA:575,32,0,0
BRDA:575,32,1,0
BRDA:578,33,0,0
BRDA:578,33,1,0
BRDA:585,34,0,0
BRDA:585,34,1,0
BRDA:585,35,0,0
BRDA:585,35,1,0
BRDA:592,36,0,0
BRDA:592,36,1,0
BRDA:596,37,0,0
BRDA:596,37,1,0
BRDA:600,38,0,0
BRDA:600,38,1,0
BRDA:623,39,0,0
BRDA:623,39,1,0
BRDA:631,40,0,0
BRDA:631,40,1,0
BRDA:634,41,0,0
BRDA:634,41,1,0
BRDA:638,42,0,0
BRDA:638,42,1,0
BRDA:652,43,0,0
BRDA:652,43,1,0
BRDA:657,44,0,0
BRDA:657,44,1,0
BRDA:657,45,0,0
BRDA:657,45,1,0
BRDA:666,46,0,0
BRDA:666,46,1,0
BRDA:670,47,0,0
BRDA:670,47,1,0
BRDA:677,48,0,0
BRDA:677,48,1,0
BRDA:685,49,0,0
BRDA:685,49,1,0
BRDA:694,50,0,0
BRDA:694,50,1,0
BRDA:803,51,0,0
BRDA:803,51,1,0
BRDA:808,52,0,0
BRDA:808,52,1,0
BRF:107
BRH:0
end_of_record
TN:
SF:scripts\modern-ui.mjs
FN:10,(anonymous_0)
FN:36,(anonymous_1)
FN:43,(anonymous_2)
FN:69,(anonymous_3)
FN:77,(anonymous_4)
FN:81,(anonymous_5)
FN:87,(anonymous_6)
FN:93,(anonymous_7)
FN:104,(anonymous_8)
FN:111,(anonymous_9)
FN:113,(anonymous_10)
FN:114,(anonymous_11)
FN:128,(anonymous_12)
FN:134,(anonymous_13)
FN:143,(anonymous_14)
FN:149,(anonymous_15)
FN:156,(anonymous_16)
FN:157,(anonymous_17)
FN:163,(anonymous_18)
FN:167,(anonymous_19)
FN:170,(anonymous_20)
FN:183,(anonymous_21)
FN:186,(anonymous_22)
FN:189,(anonymous_23)
FN:192,(anonymous_24)
FN:195,(anonymous_25)
FN:199,(anonymous_26)
FN:201,(anonymous_27)
FN:208,(anonymous_28)
FN:218,(anonymous_29)
FN:219,(anonymous_30)
FN:228,(anonymous_31)
FN:232,(anonymous_32)
FN:247,(anonymous_33)
FN:254,(anonymous_34)
FN:258,(anonymous_35)
FN:268,(anonymous_36)
FN:277,(anonymous_37)
FN:286,(anonymous_38)
FN:296,(anonymous_39)
FN:304,(anonymous_40)
FN:313,(anonymous_41)
FN:314,(anonymous_42)
FN:323,(anonymous_43)
FN:342,(anonymous_44)
FN:360,(anonymous_45)
FN:411,(anonymous_46)
FN:426,(anonymous_47)
FN:445,(anonymous_48)
FN:462,(anonymous_49)
FN:536,(anonymous_50)
FN:548,(anonymous_51)
FN:567,(anonymous_52)
FN:574,(anonymous_53)
FN:578,(anonymous_54)
FN:599,(anonymous_55)
FN:608,(anonymous_56)
FN:618,(anonymous_57)
FN:624,(anonymous_58)
FN:636,(anonymous_59)
FN:650,(anonymous_60)
FN:677,(anonymous_61)
FN:689,(anonymous_62)
FN:700,(anonymous_63)
FN:705,(anonymous_64)
FN:708,(anonymous_65)
FN:742,(anonymous_66)
FN:743,(anonymous_67)
FN:751,(anonymous_68)
FN:758,(anonymous_69)
FN:759,(anonymous_70)
FN:764,(anonymous_71)
FN:779,(anonymous_72)
FN:780,(anonymous_73)
FN:786,(anonymous_74)
FN:792,(anonymous_75)
FN:795,(anonymous_76)
FN:804,(anonymous_77)
FN:808,(anonymous_78)
FN:835,(anonymous_79)
FN:841,(anonymous_80)
FN:859,(anonymous_81)
FN:939,(anonymous_82)
FN:953,(anonymous_83)
FN:1020,(anonymous_84)
FN:1031,(anonymous_85)
FN:1096,(anonymous_86)
FN:1100,(anonymous_87)
FN:1101,(anonymous_88)
FN:1102,(anonymous_89)
FN:1113,(anonymous_90)
FN:1119,(anonymous_91)
FN:1159,(anonymous_92)
FN:1162,(anonymous_93)
FN:1171,(anonymous_94)
FN:1177,(anonymous_95)
FN:1199,(anonymous_96)
FN:1224,(anonymous_97)
FN:1231,(anonymous_98)
FN:1273,(anonymous_99)
FN:1278,(anonymous_100)
FN:1286,(anonymous_101)
FN:1296,(anonymous_102)
FN:1305,(anonymous_103)
FN:1317,(anonymous_104)
FN:1323,(anonymous_105)
FN:1391,(anonymous_106)
FN:1425,(anonymous_107)
FN:1434,(anonymous_108)
FN:1451,(anonymous_109)
FN:1473,(anonymous_110)
FN:1487,(anonymous_111)
FN:1502,(anonymous_112)
FN:1521,(anonymous_113)
FN:1523,(anonymous_114)
FN:1568,(anonymous_115)
FN:1569,(anonymous_116)
FN:1576,(anonymous_117)
FN:1589,(anonymous_118)
FN:1608,(anonymous_119)
FN:1616,(anonymous_120)
FN:1633,(anonymous_121)
FN:1648,(anonymous_122)
FNF:123
FNH:0
FNDA:0,(anonymous_0)
FNDA:0,(anonymous_1)
FNDA:0,(anonymous_2)
FNDA:0,(anonymous_3)
FNDA:0,(anonymous_4)
FNDA:0,(anonymous_5)
FNDA:0,(anonymous_6)
FNDA:0,(anonymous_7)
FNDA:0,(anonymous_8)
FNDA:0,(anonymous_9)
FNDA:0,(anonymous_10)
FNDA:0,(anonymous_11)
FNDA:0,(anonymous_12)
FNDA:0,(anonymous_13)
FNDA:0,(anonymous_14)
FNDA:0,(anonymous_15)
FNDA:0,(anonymous_16)
FNDA:0,(anonymous_17)
FNDA:0,(anonymous_18)
FNDA:0,(anonymous_19)
FNDA:0,(anonymous_20)
FNDA:0,(anonymous_21)
FNDA:0,(anonymous_22)
FNDA:0,(anonymous_23)
FNDA:0,(anonymous_24)
FNDA:0,(anonymous_25)
FNDA:0,(anonymous_26)
FNDA:0,(anonymous_27)
FNDA:0,(anonymous_28)
FNDA:0,(anonymous_29)
FNDA:0,(anonymous_30)
FNDA:0,(anonymous_31)
FNDA:0,(anonymous_32)
FNDA:0,(anonymous_33)
FNDA:0,(anonymous_34)
FNDA:0,(anonymous_35)
FNDA:0,(anonymous_36)
FNDA:0,(anonymous_37)
FNDA:0,(anonymous_38)
FNDA:0,(anonymous_39)
FNDA:0,(anonymous_40)
FNDA:0,(anonymous_41)
FNDA:0,(anonymous_42)
FNDA:0,(anonymous_43)
FNDA:0,(anonymous_44)
FNDA:0,(anonymous_45)
FNDA:0,(anonymous_46)
FNDA:0,(anonymous_47)
FNDA:0,(anonymous_48)
FNDA:0,(anonymous_49)
FNDA:0,(anonymous_50)
FNDA:0,(anonymous_51)
FNDA:0,(anonymous_52)
FNDA:0,(anonymous_53)
FNDA:0,(anonymous_54)
FNDA:0,(anonymous_55)
FNDA:0,(anonymous_56)
FNDA:0,(anonymous_57)
FNDA:0,(anonymous_58)
FNDA:0,(anonymous_59)
FNDA:0,(anonymous_60)
FNDA:0,(anonymous_61)
FNDA:0,(anonymous_62)
FNDA:0,(anonymous_63)
FNDA:0,(anonymous_64)
FNDA:0,(anonymous_65)
FNDA:0,(anonymous_66)
FNDA:0,(anonymous_67)
FNDA:0,(anonymous_68)
FNDA:0,(anonymous_69)
FNDA:0,(anonymous_70)
FNDA:0,(anonymous_71)
FNDA:0,(anonymous_72)
FNDA:0,(anonymous_73)
FNDA:0,(anonymous_74)
FNDA:0,(anonymous_75)
FNDA:0,(anonymous_76)
FNDA:0,(anonymous_77)
FNDA:0,(anonymous_78)
FNDA:0,(anonymous_79)
FNDA:0,(anonymous_80)
FNDA:0,(anonymous_81)
FNDA:0,(anonymous_82)
FNDA:0,(anonymous_83)
FNDA:0,(anonymous_84)
FNDA:0,(anonymous_85)
FNDA:0,(anonymous_86)
FNDA:0,(anonymous_87)
FNDA:0,(anonymous_88)
FNDA:0,(anonymous_89)
FNDA:0,(anonymous_90)
FNDA:0,(anonymous_91)
FNDA:0,(anonymous_92)
FNDA:0,(anonymous_93)
FNDA:0,(anonymous_94)
FNDA:0,(anonymous_95)
FNDA:0,(anonymous_96)
FNDA:0,(anonymous_97)
FNDA:0,(anonymous_98)
FNDA:0,(anonymous_99)
FNDA:0,(anonymous_100)
FNDA:0,(anonymous_101)
FNDA:0,(anonymous_102)
FNDA:0,(anonymous_103)
FNDA:0,(anonymous_104)
FNDA:0,(anonymous_105)
FNDA:0,(anonymous_106)
FNDA:0,(anonymous_107)
FNDA:0,(anonymous_108)
FNDA:0,(anonymous_109)
FNDA:0,(anonymous_110)
FNDA:0,(anonymous_111)
FNDA:0,(anonymous_112)
FNDA:0,(anonymous_113)
FNDA:0,(anonymous_114)
FNDA:0,(anonymous_115)
FNDA:0,(anonymous_116)
FNDA:0,(anonymous_117)
FNDA:0,(anonymous_118)
FNDA:0,(anonymous_119)
FNDA:0,(anonymous_120)
FNDA:0,(anonymous_121)
FNDA:0,(anonymous_122)
DA:11,0
DA:12,0
DA:13,0
DA:16,0
DA:17,0
DA:18,0
DA:20,0
DA:32,0
DA:33,0
DA:37,0
DA:38,0
DA:39,0
DA:40,0
DA:43,0
DA:44,0
DA:45,0
DA:46,0
DA:47,0
DA:49,0
DA:50,0
DA:51,0
DA:52,0
DA:53,0
DA:54,0
DA:55,0
DA:57,0
DA:59,0
DA:60,0
DA:61,0
DA:62,0
DA:64,0
DA:70,0
DA:71,0
DA:72,0
DA:73,0
DA:79,0
DA:80,0
DA:81,0
DA:85,0
DA:86,0
DA:87,0
DA:91,0
DA:92,0
DA:93,0
DA:94,0
DA:95,0
DA:101,0
DA:102,0
DA:103,0
DA:104,0
DA:105,0
DA:106,0
DA:107,0
DA:110,0
DA:111,0
DA:112,0
DA:113,0
DA:114,0
DA:116,0
DA:117,0
DA:126,0
DA:127,0
DA:128,0
DA:129,0
DA:134,0
DA:135,0
DA:136,0
DA:137,0
DA:141,0
DA:142,0
DA:143,0
DA:147,0
DA:148,0
DA:149,0
DA:153,0
DA:154,0
DA:155,0
DA:156,0
DA:157,0
DA:161,0
DA:162,0
DA:163,0
DA:167,0
DA:168,0
DA:169,0
DA:170,0
DA:175,0
DA:176,0
DA:177,0
DA:178,0
DA:179,0
DA:180,0
DA:182,0
DA:183,0
DA:185,0
DA:186,0
DA:188,0
DA:189,0
DA:191,0
DA:192,0
DA:194,0
DA:195,0
DA:197,0
DA:199,0
DA:200,0
DA:201,0
DA:206,0
DA:207,0
DA:208,0
DA:209,0
DA:210,0
DA:215,0
DA:216,0
DA:217,0
DA:218,0
DA:219,0
DA:220,0
DA:225,0
DA:229,0
DA:230,0
DA:232,0
DA:233,0
DA:234,0
DA:235,0
DA:237,0
DA:238,0
DA:243,0
DA:244,0
DA:248,0
DA:249,0
DA:250,0
DA:251,0
DA:255,0
DA:259,0
DA:260,0
DA:263,0
DA:264,0
DA:265,0
DA:266,0
DA:268,0
DA:269,0
DA:270,0
DA:271,0
DA:272,0
DA:273,0
DA:278,0
DA:279,0
DA:280,0
DA:281,0
DA:282,0
DA:287,0
DA:288,0
DA:289,0
DA:290,0
DA:291,0
DA:292,0
DA:297,0
DA:298,0
DA:299,0
DA:300,0
DA:305,0
DA:306,0
DA:307,0
DA:308,0
DA:309,0
DA:314,0
DA:315,0
DA:316,0
DA:317,0
DA:318,0
DA:324,0
DA:325,0
DA:326,0
DA:327,0
DA:328,0
DA:329,0
DA:333,0
DA:334,0
DA:335,0
DA:338,0
DA:339,0
DA:343,0
DA:344,0
DA:345,0
DA:346,0
DA:347,0
DA:348,0
DA:349,0
DA:350,0
DA:351,0
DA:352,0
DA:354,0
DA:355,0
DA:356,0
DA:361,0
DA:362,0
DA:363,0
DA:366,0
DA:367,0
DA:368,0
DA:370,0
DA:371,0
DA:372,0
DA:375,0
DA:376,0
DA:377,0
DA:380,0
DA:383,0
DA:391,0
DA:394,0
DA:397,0
DA:400,0
DA:401,0
DA:403,0
DA:404,0
DA:405,0
DA:407,0
DA:413,0
DA:414,0
DA:415,0
DA:419,0
DA:420,0
DA:423,0
DA:427,0
DA:428,0
DA:430,0
DA:431,0
DA:432,0
DA:433,0
DA:434,0
DA:436,0
DA:437,0
DA:438,0
DA:441,0
DA:446,0
DA:448,0
DA:451,0
DA:453,0
DA:454,0
DA:455,0
DA:456,0
DA:457,0
DA:458,0
DA:459,0
DA:464,0
DA:465,0
DA:475,0
DA:476,0
DA:479,0
DA:480,0
DA:486,0
DA:489,0
DA:490,0
DA:491,0
DA:492,0
DA:493,0
DA:494,0
DA:495,0
DA:496,0
DA:497,0
DA:498,0
DA:499,0
DA:500,0
DA:501,0
DA:502,0
DA:504,0
DA:508,0
DA:509,0
DA:510,0
DA:515,0
DA:526,0
DA:537,0
DA:539,0
DA:540,0
DA:542,0
DA:543,0
DA:544,0
DA:549,0
DA:550,0
DA:551,0
DA:553,0
DA:554,0
DA:555,0
DA:556,0
DA:560,0
DA:561,0
DA:562,0
DA:563,0
DA:568,0
DA:569,0
DA:570,0
DA:571,0
DA:575,0
DA:576,0
DA:578,0
DA:579,0
DA:580,0
DA:583,0
DA:588,0
DA:589,0
DA:590,0
DA:594,0
DA:596,0
DA:600,0
DA:601,0
DA:602,0
DA:603,0
DA:604,0
DA:609,0
DA:610,0
DA:612,0
DA:613,0
DA:614,0
DA:619,0
DA:621,0
DA:622,0
DA:624,0
DA:625,0
DA:626,0
DA:627,0
DA:628,0
DA:629,0
DA:633,0
DA:637,0
DA:640,0
DA:641,0
DA:642,0
DA:645,0
DA:648,0
DA:649,0
DA:650,0
DA:651,0
DA:652,0
DA:656,0
DA:657,0
DA:660,0
DA:662,0
DA:663,0
DA:664,0
DA:668,0
DA:669,0
DA:670,0
DA:674,0
DA:678,0
DA:679,0
DA:680,0
DA:682,0
DA:688,0
DA:689,0
DA:701,0
DA:702,0
DA:703,0
DA:705,0
DA:708,0
DA:709,0
DA:712,0
DA:724,0
DA:742,0
DA:743,0
DA:744,0
DA:746,0
DA:747,0
DA:749,0
DA:751,0
DA:752,0
DA:754,0
DA:758,0
DA:759,0
DA:760,0
DA:764,0
DA:765,0
DA:766,0
DA:770,0
DA:776,0
DA:780,0
DA:783,0
DA:787,0
DA:793,0
DA:795,0
DA:796,0
DA:797,0
DA:799,0
DA:800,0
DA:801,0
DA:802,0
DA:804,0
DA:805,0
DA:808,0
DA:809,0
DA:829,0
DA:830,0
DA:836,0
DA:837,0
DA:838,0
DA:842,0
DA:843,0
DA:845,0
DA:847,0
DA:848,0
DA:849,0
DA:853,0
DA:854,0
DA:855,0
DA:856,0
DA:858,0
DA:859,0
DA:860,0
DA:861,0
DA:864,0
DA:865,0
DA:867,0
DA:868,0
DA:873,0
DA:874,0
DA:878,0
DA:879,0
DA:882,0
DA:883,0
DA:932,0
DA:933,0
DA:934,0
DA:935,0
DA:940,0
DA:941,0
DA:943,0
DA:945,0
DA:946,0
DA:947,0
DA:949,0
DA:950,0
DA:951,0
DA:953,0
DA:954,0
DA:955,0
DA:956,0
DA:957,0
DA:961,0
DA:963,0
DA:967,0
DA:968,0
DA:972,0
DA:973,0
DA:976,0
DA:977,0
DA:1013,0
DA:1014,0
DA:1015,0
DA:1016,0
DA:1021,0
DA:1022,0
DA:1024,0
DA:1026,0
DA:1027,0
DA:1028,0
DA:1029,0
DA:1031,0
DA:1032,0
DA:1033,0
DA:1034,0
DA:1038,0
DA:1039,0
DA:1043,0
DA:1044,0
DA:1048,0
DA:1049,0
DA:1052,0
DA:1053,0
DA:1089,0
DA:1090,0
DA:1091,0
DA:1092,0
DA:1097,0
DA:1099,0
DA:1100,0
DA:1101,0
DA:1102,0
DA:1105,0
DA:1106,0
DA:1107,0
DA:1108,0
DA:1109,0
DA:1116,0
DA:1120,0
DA:1121,0
DA:1123,0
DA:1130,0
DA:1131,0
DA:1132,0
DA:1144,0
DA:1147,0
DA:1148,0
DA:1154,0
DA:1156,0
DA:1159,0
DA:1160,0
DA:1161,0
DA:1162,0
DA:1163,0
DA:1164,0
DA:1172,0
DA:1173,0
DA:1174,0
DA:1178,0
DA:1179,0
DA:1180,0
DA:1181,0
DA:1183,0
DA:1184,0
DA:1185,0
DA:1189,0
DA:1190,0
DA:1191,0
DA:1192,0
DA:1193,0
DA:1194,0
DA:1197,0
DA:1198,0
DA:1199,0
DA:1200,0
DA:1205,0
DA:1207,0
DA:1209,0
DA:1210,0
DA:1211,0
DA:1213,0
DA:1216,0
DA:1218,0
DA:1221,0
DA:1224,0
DA:1225,0
DA:1226,0
DA:1227,0
DA:1228,0
DA:1231,0
DA:1232,0
DA:1233,0
DA:1236,0
DA:1237,0
DA:1238,0
DA:1242,0
DA:1243,0
DA:1244,0
DA:1260,0
DA:1267,0
DA:1268,0
DA:1269,0
DA:1274,0
DA:1275,0
DA:1277,0
DA:1278,0
DA:1279,0
DA:1280,0
DA:1282,0
DA:1285,0
DA:1286,0
DA:1287,0
DA:1288,0
DA:1289,0
DA:1292,0
DA:1296,0
DA:1297,0
DA:1298,0
DA:1299,0
DA:1302,0
DA:1306,0
DA:1307,0
DA:1308,0
DA:1309,0
DA:1312,0
DA:1313,0
DA:1316,0
DA:1317,0
DA:1318,0
DA:1325,0
DA:1328,0
DA:1329,0
DA:1330,0
DA:1339,0
DA:1340,0
DA:1341,0
DA:1344,0
DA:1345,0
DA:1348,0
DA:1350,0
DA:1353,0
DA:1357,0
DA:1358,0
DA:1360,0
DA:1361,0
DA:1364,0
DA:1388,0
DA:1391,0
DA:1392,0
DA:1396,0
DA:1397,0
DA:1400,0
DA:1401,0
DA:1402,0
DA:1420,0
DA:1421,0
DA:1426,0
DA:1427,0
DA:1428,0
DA:1435,0
DA:1436,0
DA:1439,0
DA:1440,0
DA:1443,0
DA:1446,0
DA:1448,0
DA:1452,0
DA:1455,0
DA:1458,0
DA:1459,0
DA:1462,0
DA:1465,0
DA:1468,0
DA:1470,0
DA:1474,0
DA:1475,0
DA:1477,0
DA:1478,0
DA:1479,0
DA:1481,0
DA:1482,0
DA:1483,0
DA:1488,0
DA:1489,0
DA:1490,0
DA:1493,0
DA:1494,0
DA:1496,0
DA:1498,0
DA:1499,0
DA:1501,0
DA:1502,0
DA:1511,0
DA:1513,0
DA:1516,0
DA:1517,0
DA:1523,0
DA:1525,0
DA:1526,0
DA:1527,0
DA:1530,0
DA:1531,0
DA:1532,0
DA:1534,0
DA:1543,0
DA:1545,0
DA:1547,0
DA:1555,0
DA:1560,0
DA:1561,0
DA:1564,0
DA:1565,0
DA:1569,0
DA:1570,0
DA:1572,0
DA:1574,0
DA:1576,0
DA:1577,0
DA:1578,0
DA:1580,0
DA:1581,0
DA:1585,0
DA:1586,0
DA:1591,0
DA:1594,0
DA:1595,0
DA:1596,0
DA:1597,0
DA:1598,0
DA:1599,0
DA:1600,0
DA:1602,0
DA:1605,0
DA:1609,0
DA:1611,0
DA:1612,0
DA:1613,0
DA:1614,0
DA:1616,0
DA:1617,0
DA:1618,0
DA:1619,0
DA:1620,0
DA:1621,0
DA:1622,0
DA:1623,0
DA:1627,0
DA:1628,0
DA:1630,0
DA:1634,0
DA:1644,0
DA:1647,0
DA:1648,0
DA:1649,0
DA:1652,0
LF:699
LH:0
BRDA:13,0,0,0
BRDA:13,0,1,0
BRDA:49,1,0,0
BRDA:49,1,1,0
BRDA:49,2,0,0
BRDA:49,2,1,0
BRDA:53,3,0,0
BRDA:53,3,1,0
BRDA:53,4,0,0
BRDA:53,4,1,0
BRDA:59,5,0,0
BRDA:59,5,1,0
BRDA:72,6,0,0
BRDA:72,6,1,0
BRDA:73,7,0,0
BRDA:73,7,1,0
BRDA:80,8,0,0
BRDA:80,8,1,0
BRDA:86,9,0,0
BRDA:86,9,1,0
BRDA:92,10,0,0
BRDA:92,10,1,0
BRDA:94,11,0,0
BRDA:94,11,1,0
BRDA:103,12,0,0
BRDA:103,12,1,0
BRDA:103,13,0,0
BRDA:103,13,1,0
BRDA:106,14,0,0
BRDA:106,14,1,0
BRDA:107,15,0,0
BRDA:107,15,1,0
BRDA:110,16,0,0
BRDA:110,16,1,0
BRDA:127,17,0,0
BRDA:127,17,1,0
BRDA:142,18,0,0
BRDA:142,18,1,0
BRDA:148,19,0,0
BRDA:148,19,1,0
BRDA:155,20,0,0
BRDA:155,20,1,0
BRDA:155,21,0,0
BRDA:155,21,1,0
BRDA:162,22,0,0
BRDA:162,22,1,0
BRDA:169,23,0,0
BRDA:169,23,1,0
BRDA:182,24,0,0
BRDA:182,24,1,0
BRDA:185,25,0,0
BRDA:185,25,1,0
BRDA:188,26,0,0
BRDA:188,26,1,0
BRDA:191,27,0,0
BRDA:191,27,1,0
BRDA:194,28,0,0
BRDA:194,28,1,0
BRDA:197,29,0,0
BRDA:197,29,1,0
BRDA:207,30,0,0
BRDA:207,30,1,0
BRDA:210,31,0,0
BRDA:210,31,1,0
BRDA:217,32,0,0
BRDA:217,32,1,0
BRDA:217,33,0,0
BRDA:217,33,1,0
BRDA:220,34,0,0
BRDA:220,34,1,0
BRDA:233,35,0,0
BRDA:233,35,1,0
BRDA:234,36,0,0
BRDA:234,36,1,0
BRDA:248,37,0,0
BRDA:248,37,1,0
BRDA:260,38,0,0
BRDA:260,38,1,0
BRDA:280,39,0,0
BRDA:280,39,1,0
BRDA:290,40,0,0
BRDA:290,40,1,0
BRDA:290,41,0,0
BRDA:290,41,1,0
BRDA:299,42,0,0
BRDA:299,42,1,0
BRDA:307,43,0,0
BRDA:307,43,1,0
BRDA:316,44,0,0
BRDA:316,44,1,0
BRDA:325,45,0,0
BRDA:325,45,1,0
BRDA:333,46,0,0
BRDA:333,46,1,0
BRDA:333,47,0,0
BRDA:333,47,1,0
BRDA:370,48,0,0
BRDA:370,48,1,0
BRDA:375,49,0,0
BRDA:375,49,1,0
BRDA:404,50,0,0
BRDA:404,50,1,0
BRDA:414,51,0,0
BRDA:414,51,1,0
BRDA:419,52,0,0
BRDA:419,52,1,0
BRDA:428,53,0,0
BRDA:428,53,1,0
BRDA:446,54,0,0
BRDA:446,54,1,0
BRDA:483,55,0,0
BRDA:483,55,1,0
BRDA:484,56,0,0
BRDA:484,56,1,0
BRDA:490,57,0,0
BRDA:490,57,1,0
BRDA:492,58,0,0
BRDA:492,58,1,0
BRDA:494,59,0,0
BRDA:494,59,1,0
BRDA:495,60,0,0
BRDA:495,60,1,0
BRDA:497,61,0,0
BRDA:497,61,1,0
BRDA:499,62,0,0
BRDA:499,62,1,0
BRDA:501,63,0,0
BRDA:501,63,1,0
BRDA:501,64,0,0
BRDA:501,64,1,0
BRDA:508,65,0,0
BRDA:508,65,1,0
BRDA:508,66,0,0
BRDA:508,66,1,0
BRDA:510,67,0,0
BRDA:510,67,1,0
BRDA:537,68,0,0
BRDA:537,68,1,0
BRDA:542,69,0,0
BRDA:542,69,1,0
BRDA:542,70,0,0
BRDA:542,70,1,0
BRDA:543,71,0,0
BRDA:543,71,1,0
BRDA:553,72,0,0
BRDA:553,72,1,0
BRDA:554,73,0,0
BRDA:554,73,1,0
BRDA:554,73,2,0
BRDA:560,74,0,0
BRDA:560,74,1,0
BRDA:561,75,0,0
BRDA:561,75,1,0
BRDA:563,76,0,0
BRDA:563,76,1,0
BRDA:570,77,0,0
BRDA:570,77,1,0
BRDA:571,78,0,0
BRDA:571,78,1,0
BRDA:576,79,0,0
BRDA:576,79,1,0
BRDA:579,80,0,0
BRDA:579,80,1,0
BRDA:589,81,0,0
BRDA:589,81,1,0
BRDA:602,82,0,0
BRDA:602,82,1,0
BRDA:602,83,0,0
BRDA:602,83,1,0
BRDA:612,84,0,0
BRDA:612,84,1,0
BRDA:612,85,0,0
BRDA:612,85,1,0
BRDA:619,86,0,0
BRDA:619,86,1,0
BRDA:619,87,0,0
BRDA:619,87,1,0
BRDA:626,88,0,0
BRDA:626,88,1,0
BRDA:626,89,0,0
BRDA:626,89,1,0
BRDA:633,90,0,0
BRDA:633,90,1,0
BRDA:637,91,0,0
BRDA:637,91,1,0
BRDA:641,92,0,0
BRDA:641,92,1,0
BRDA:649,93,0,0
BRDA:649,93,1,0
BRDA:652,94,0,0
BRDA:652,94,1,0
BRDA:657,95,0,0
BRDA:657,95,1,0
BRDA:660,96,0,0
BRDA:660,96,1,0
BRDA:663,97,0,0
BRDA:663,97,1,0
BRDA:669,98,0,0
BRDA:669,98,1,0
BRDA:680,99,0,0
BRDA:680,99,1,0
BRDA:703,100,0,0
BRDA:703,100,1,0
BRDA:709,101,0,0
BRDA:709,101,1,0
BRDA:712,102,0,0
BRDA:712,102,1,0
BRDA:732,103,0,0
BRDA:732,103,1,0
BRDA:733,104,0,0
BRDA:733,104,1,0
BRDA:749,105,0,0
BRDA:749,105,1,0
BRDA:749,106,0,0
BRDA:749,106,1,0
BRDA:797,107,0,0
BRDA:797,107,1,0
BRDA:847,108,0,0
BRDA:847,108,1,0
BRDA:847,109,0,0
BRDA:847,109,1,0
BRDA:856,110,0,0
BRDA:856,110,1,0
BRDA:860,111,0,0
BRDA:860,111,1,0
BRDA:867,112,0,0
BRDA:867,112,1,0
BRDA:873,113,0,0
BRDA:873,113,1,0
BRDA:882,114,0,0
BRDA:882,114,1,0
BRDA:905,115,0,0
BRDA:905,115,1,0
BRDA:943,116,0,0
BRDA:943,116,1,0
BRDA:943,117,0,0
BRDA:943,117,1,0
BRDA:954,118,0,0
BRDA:954,118,1,0
BRDA:954,119,0,0
BRDA:954,119,1,0
BRDA:961,120,0,0
BRDA:961,120,1,0
BRDA:967,121,0,0
BRDA:967,121,1,0
BRDA:976,122,0,0
BRDA:976,122,1,0
BRDA:1024,123,0,0
BRDA:1024,123,1,0
BRDA:1024,124,0,0
BRDA:1024,124,1,0
BRDA:1032,125,0,0
BRDA:1032,125,1,0
BRDA:1038,126,0,0
BRDA:1038,126,1,0
BRDA:1043,127,0,0
BRDA:1043,127,1,0
BRDA:1052,128,0,0
BRDA:1052,128,1,0
BRDA:1097,129,0,0
BRDA:1097,129,1,0
BRDA:1101,130,0,0
BRDA:1101,130,1,0
BRDA:1101,131,0,0
BRDA:1101,131,1,0
BRDA:1102,132,0,0
BRDA:1102,132,1,0
BRDA:1102,133,0,0
BRDA:1102,133,1,0
BRDA:1106,134,0,0
BRDA:1106,134,1,0
BRDA:1119,135,0,0
BRDA:1121,136,0,0
BRDA:1121,136,1,0
BRDA:1136,137,0,0
BRDA:1136,137,1,0
BRDA:1160,138,0,0
BRDA:1160,138,1,0
BRDA:1163,139,0,0
BRDA:1163,139,1,0
BRDA:1183,140,0,0
BRDA:1183,140,1,0
BRDA:1183,141,0,0
BRDA:1183,141,1,0
BRDA:1183,141,2,0
BRDA:1183,141,3,0
BRDA:1198,142,0,0
BRDA:1198,142,1,0
BRDA:1211,143,0,0
BRDA:1211,143,1,0
BRDA:1216,144,0,0
BRDA:1216,144,1,0
BRDA:1242,145,0,0
BRDA:1242,145,1,0
BRDA:1246,146,0,0
BRDA:1246,146,1,0
BRDA:1248,147,0,0
BRDA:1248,147,1,0
BRDA:1253,148,0,0
BRDA:1253,148,1,0
BRDA:1253,149,0,0
BRDA:1253,149,1,0
BRDA:1262,150,0,0
BRDA:1262,150,1,0
BRDA:1277,151,0,0
BRDA:1277,151,1,0
BRDA:1277,152,0,0
BRDA:1277,152,1,0
BRDA:1285,153,0,0
BRDA:1285,153,1,0
BRDA:1285,154,0,0
BRDA:1285,154,1,0
BRDA:1287,155,0,0
BRDA:1287,155,1,0
BRDA:1297,156,0,0
BRDA:1297,156,1,0
BRDA:1307,157,0,0
BRDA:1307,157,1,0
BRDA:1312,158,0,0
BRDA:1312,158,1,0
BRDA:1348,159,0,0
BRDA:1348,159,1,0
BRDA:1401,160,0,0
BRDA:1401,160,1,0
BRDA:1427,161,0,0
BRDA:1427,161,1,0
BRDA:1477,162,0,0
BRDA:1477,162,1,0
BRDA:1488,163,0,0
BRDA:1488,163,1,0
BRDA:1488,164,0,0
BRDA:1488,164,1,0
BRDA:1501,165,0,0
BRDA:1501,165,1,0
BRDA:1501,166,0,0
BRDA:1501,166,1,0
BRDA:1525,167,0,0
BRDA:1525,167,1,0
BRDA:1526,168,0,0
BRDA:1526,168,1,0
BRDA:1537,169,0,0
BRDA:1537,169,1,0
BRDA:1538,170,0,0
BRDA:1538,170,1,0
BRDA:1539,171,0,0
BRDA:1539,171,1,0
BRDA:1540,172,0,0
BRDA:1540,172,1,0
BRDA:1570,173,0,0
BRDA:1570,173,1,0
BRDA:1572,174,0,0
BRDA:1572,174,1,0
BRDA:1574,175,0,0
BRDA:1574,175,1,0
BRDA:1578,176,0,0
BRDA:1578,176,1,0
BRDA:1609,177,0,0
BRDA:1609,177,1,0
BRDA:1617,178,0,0
BRDA:1617,178,1,0
BRDA:1647,179,0,0
BRDA:1647,179,1,0
BRF:362
BRH:0
end_of_record
TN:
SF:scripts\playhand-modern-refactored.mjs
FN:29,(anonymous_0)
FN:60,(anonymous_1)
FN:63,(anonymous_2)
FN:71,(anonymous_3)
FN:76,(anonymous_4)
FN:94,(anonymous_5)
FN:100,(anonymous_6)
FN:110,(anonymous_7)
FN:116,(anonymous_8)
FN:126,(anonymous_9)
FN:128,(anonymous_10)
FN:152,(anonymous_11)
FN:160,(anonymous_12)
FN:167,(anonymous_13)
FN:172,(anonymous_14)
FN:176,(anonymous_15)
FN:180,(anonymous_16)
FN:184,(anonymous_17)
FN:188,(anonymous_18)
FN:192,(anonymous_19)
FN:196,(anonymous_20)
FN:201,(anonymous_21)
FN:205,(anonymous_22)
FN:209,(anonymous_23)
FN:213,(anonymous_24)
FN:218,(anonymous_25)
FN:225,(anonymous_26)
FN:229,(anonymous_27)
FN:235,(anonymous_28)
FN:241,(anonymous_29)
FN:251,(anonymous_30)
FN:259,(anonymous_31)
FN:267,(anonymous_32)
FN:268,(anonymous_33)
FN:274,(anonymous_34)
FN:280,(anonymous_35)
FN:285,(anonymous_36)
FN:286,(anonymous_37)
FN:321,(anonymous_38)
FN:334,(anonymous_39)
FN:343,(anonymous_40)
FN:345,(anonymous_41)
FN:362,(anonymous_42)
FN:367,(anonymous_43)
FN:375,(anonymous_44)
FN:376,(anonymous_45)
FN:414,(anonymous_46)
FN:417,(anonymous_47)
FN:418,(anonymous_48)
FN:425,(anonymous_49)
FN:427,(anonymous_50)
FN:432,(anonymous_51)
FN:437,(anonymous_52)
FN:446,(anonymous_53)
FN:458,(anonymous_54)
FN:464,(anonymous_55)
FN:470,(anonymous_56)
FN:476,(anonymous_57)
FN:483,(anonymous_58)
FN:488,(anonymous_59)
FN:534,(anonymous_60)
FN:586,(anonymous_61)
FN:612,(anonymous_62)
FN:617,(anonymous_63)
FN:623,(anonymous_64)
FN:633,(anonymous_65)
FN:641,(anonymous_66)
FN:655,(anonymous_67)
FN:662,(anonymous_68)
FN:667,(anonymous_69)
FN:672,(anonymous_70)
FN:679,(anonymous_71)
FN:700,(anonymous_72)
FN:720,(anonymous_73)
FN:727,(anonymous_74)
FN:731,(anonymous_75)
FN:733,(anonymous_76)
FN:742,(anonymous_77)
FN:744,(anonymous_78)
FN:753,(anonymous_79)
FN:760,(anonymous_80)
FN:767,(anonymous_81)
FN:779,(anonymous_82)
FN:786,(anonymous_83)
FN:790,(anonymous_84)
FN:794,(anonymous_85)
FN:799,(anonymous_86)
FN:814,(anonymous_87)
FN:820,(anonymous_88)
FN:832,(anonymous_89)
FN:844,(anonymous_90)
FN:856,(anonymous_91)
FN:943,(anonymous_92)
FN:949,(anonymous_93)
FN:953,(anonymous_94)
FN:960,(anonymous_95)
FN:962,(anonymous_96)
FN:975,(anonymous_97)
FN:980,(anonymous_98)
FN:1082,(anonymous_99)
FN:1086,(anonymous_100)
FN:1092,(anonymous_101)
FN:1099,(anonymous_102)
FN:1107,(anonymous_103)
FN:1141,(anonymous_104)
FN:1145,(anonymous_105)
FN:1148,(anonymous_106)
FN:1151,(anonymous_107)
FN:1154,(anonymous_108)
FN:1160,(anonymous_109)
FN:1167,(anonymous_110)
FN:1173,(anonymous_111)
FN:1179,(anonymous_112)
FN:1191,(anonymous_113)
FN:1197,(anonymous_114)
FN:1208,(anonymous_115)
FN:1220,(anonymous_116)
FN:1223,(anonymous_117)
FN:1240,(anonymous_118)
FN:1246,(anonymous_119)
FN:1257,(anonymous_120)
FN:1271,(anonymous_121)
FN:1290,(anonymous_122)
FN:1295,(anonymous_123)
FN:1312,(anonymous_124)
FN:1334,(anonymous_125)
FN:1353,(anonymous_126)
FN:1358,(anonymous_127)
FN:1386,(anonymous_128)
FN:1388,(anonymous_129)
FN:1403,(anonymous_130)
FN:1418,(anonymous_131)
FN:1444,(anonymous_132)
FN:1457,(anonymous_133)
FN:1481,(anonymous_134)
FN:1566,(anonymous_135)
FN:1590,(anonymous_136)
FN:1654,(anonymous_137)
FN:1661,(anonymous_138)
FN:1720,(anonymous_139)
FN:1727,(anonymous_140)
FN:1786,(anonymous_141)
FN:1822,(anonymous_142)
FN:1857,(anonymous_143)
FN:1888,(anonymous_144)
FN:1895,(anonymous_145)
FN:1902,(anonymous_146)
FN:1911,(anonymous_147)
FN:1916,(anonymous_148)
FN:1921,(anonymous_149)
FN:1925,(anonymous_150)
FN:1929,(anonymous_151)
FN:1990,(anonymous_152)
FN:2012,(anonymous_153)
FN:2013,(anonymous_154)
FN:2022,(anonymous_155)
FN:2034,(anonymous_156)
FN:2044,(anonymous_157)
FN:2117,(anonymous_158)
FN:2123,(anonymous_159)
FN:2150,(anonymous_160)
FNF:161
FNH:0
FNDA:0,(anonymous_0)
FNDA:0,(anonymous_1)
FNDA:0,(anonymous_2)
FNDA:0,(anonymous_3)
FNDA:0,(anonymous_4)
FNDA:0,(anonymous_5)
FNDA:0,(anonymous_6)
FNDA:0,(anonymous_7)
FNDA:0,(anonymous_8)
FNDA:0,(anonymous_9)
FNDA:0,(anonymous_10)
FNDA:0,(anonymous_11)
FNDA:0,(anonymous_12)
FNDA:0,(anonymous_13)
FNDA:0,(anonymous_14)
FNDA:0,(anonymous_15)
FNDA:0,(anonymous_16)
FNDA:0,(anonymous_17)
FNDA:0,(anonymous_18)
FNDA:0,(anonymous_19)
FNDA:0,(anonymous_20)
FNDA:0,(anonymous_21)
FNDA:0,(anonymous_22)
FNDA:0,(anonymous_23)
FNDA:0,(anonymous_24)
FNDA:0,(anonymous_25)
FNDA:0,(anonymous_26)
FNDA:0,(anonymous_27)
FNDA:0,(anonymous_28)
FNDA:0,(anonymous_29)
FNDA:0,(anonymous_30)
FNDA:0,(anonymous_31)
FNDA:0,(anonymous_32)
FNDA:0,(anonymous_33)
FNDA:0,(anonymous_34)
FNDA:0,(anonymous_35)
FNDA:0,(anonymous_36)
FNDA:0,(anonymous_37)
FNDA:0,(anonymous_38)
FNDA:0,(anonymous_39)
FNDA:0,(anonymous_40)
FNDA:0,(anonymous_41)
FNDA:0,(anonymous_42)
FNDA:0,(anonymous_43)
FNDA:0,(anonymous_44)
FNDA:0,(anonymous_45)
FNDA:0,(anonymous_46)
FNDA:0,(anonymous_47)
FNDA:0,(anonymous_48)
FNDA:0,(anonymous_49)
FNDA:0,(anonymous_50)
FNDA:0,(anonymous_51)
FNDA:0,(anonymous_52)
FNDA:0,(anonymous_53)
FNDA:0,(anonymous_54)
FNDA:0,(anonymous_55)
FNDA:0,(anonymous_56)
FNDA:0,(anonymous_57)
FNDA:0,(anonymous_58)
FNDA:0,(anonymous_59)
FNDA:0,(anonymous_60)
FNDA:0,(anonymous_61)
FNDA:0,(anonymous_62)
FNDA:0,(anonymous_63)
FNDA:0,(anonymous_64)
FNDA:0,(anonymous_65)
FNDA:0,(anonymous_66)
FNDA:0,(anonymous_67)
FNDA:0,(anonymous_68)
FNDA:0,(anonymous_69)
FNDA:0,(anonymous_70)
FNDA:0,(anonymous_71)
FNDA:0,(anonymous_72)
FNDA:0,(anonymous_73)
FNDA:0,(anonymous_74)
FNDA:0,(anonymous_75)
FNDA:0,(anonymous_76)
FNDA:0,(anonymous_77)
FNDA:0,(anonymous_78)
FNDA:0,(anonymous_79)
FNDA:0,(anonymous_80)
FNDA:0,(anonymous_81)
FNDA:0,(anonymous_82)
FNDA:0,(anonymous_83)
FNDA:0,(anonymous_84)
FNDA:0,(anonymous_85)
FNDA:0,(anonymous_86)
FNDA:0,(anonymous_87)
FNDA:0,(anonymous_88)
FNDA:0,(anonymous_89)
FNDA:0,(anonymous_90)
FNDA:0,(anonymous_91)
FNDA:0,(anonymous_92)
FNDA:0,(anonymous_93)
FNDA:0,(anonymous_94)
FNDA:0,(anonymous_95)
FNDA:0,(anonymous_96)
FNDA:0,(anonymous_97)
FNDA:0,(anonymous_98)
FNDA:0,(anonymous_99)
FNDA:0,(anonymous_100)
FNDA:0,(anonymous_101)
FNDA:0,(anonymous_102)
FNDA:0,(anonymous_103)
FNDA:0,(anonymous_104)
FNDA:0,(anonymous_105)
FNDA:0,(anonymous_106)
FNDA:0,(anonymous_107)
FNDA:0,(anonymous_108)
FNDA:0,(anonymous_109)
FNDA:0,(anonymous_110)
FNDA:0,(anonymous_111)
FNDA:0,(anonymous_112)
FNDA:0,(anonymous_113)
FNDA:0,(anonymous_114)
FNDA:0,(anonymous_115)
FNDA:0,(anonymous_116)
FNDA:0,(anonymous_117)
FNDA:0,(anonymous_118)
FNDA:0,(anonymous_119)
FNDA:0,(anonymous_120)
FNDA:0,(anonymous_121)
FNDA:0,(anonymous_122)
FNDA:0,(anonymous_123)
FNDA:0,(anonymous_124)
FNDA:0,(anonymous_125)
FNDA:0,(anonymous_126)
FNDA:0,(anonymous_127)
FNDA:0,(anonymous_128)
FNDA:0,(anonymous_129)
FNDA:0,(anonymous_130)
FNDA:0,(anonymous_131)
FNDA:0,(anonymous_132)
FNDA:0,(anonymous_133)
FNDA:0,(anonymous_134)
FNDA:0,(anonymous_135)
FNDA:0,(anonymous_136)
FNDA:0,(anonymous_137)
FNDA:0,(anonymous_138)
FNDA:0,(anonymous_139)
FNDA:0,(anonymous_140)
FNDA:0,(anonymous_141)
FNDA:0,(anonymous_142)
FNDA:0,(anonymous_143)
FNDA:0,(anonymous_144)
FNDA:0,(anonymous_145)
FNDA:0,(anonymous_146)
FNDA:0,(anonymous_147)
FNDA:0,(anonymous_148)
FNDA:0,(anonymous_149)
FNDA:0,(anonymous_150)
FNDA:0,(anonymous_151)
FNDA:0,(anonymous_152)
FNDA:0,(anonymous_153)
FNDA:0,(anonymous_154)
FNDA:0,(anonymous_155)
FNDA:0,(anonymous_156)
FNDA:0,(anonymous_157)
FNDA:0,(anonymous_158)
FNDA:0,(anonymous_159)
FNDA:0,(anonymous_160)
DA:31,0
DA:32,0
DA:33,0
DA:36,0
DA:37,0
DA:38,0
DA:39,0
DA:40,0
DA:43,0
DA:46,0
DA:47,0
DA:50,0
DA:53,0
DA:55,0
DA:56,0
DA:57,0
DA:61,0
DA:63,0
DA:64,0
DA:65,0
DA:66,0
DA:67,0
DA:71,0
DA:72,0
DA:77,0
DA:78,0
DA:80,0
DA:81,0
DA:82,0
DA:83,0
DA:85,0
DA:86,0
DA:87,0
DA:90,0
DA:91,0
DA:95,0
DA:98,0
DA:100,0
DA:101,0
DA:102,0
DA:103,0
DA:104,0
DA:106,0
DA:111,0
DA:112,0
DA:113,0
DA:114,0
DA:116,0
DA:117,0
DA:120,0
DA:122,0
DA:128,0
DA:129,0
DA:130,0
DA:134,0
DA:137,0
DA:139,0
DA:140,0
DA:141,0
DA:142,0
DA:144,0
DA:149,0
DA:153,0
DA:154,0
DA:155,0
DA:156,0
DA:161,0
DA:162,0
DA:163,0
DA:164,0
DA:168,0
DA:173,0
DA:177,0
DA:181,0
DA:185,0
DA:189,0
DA:193,0
DA:197,0
DA:202,0
DA:206,0
DA:210,0
DA:214,0
DA:219,0
DA:227,0
DA:228,0
DA:229,0
DA:233,0
DA:234,0
DA:235,0
DA:239,0
DA:240,0
DA:241,0
DA:242,0
DA:243,0
DA:249,0
DA:250,0
DA:251,0
DA:252,0
DA:253,0
DA:259,0
DA:260,0
DA:264,0
DA:265,0
DA:266,0
DA:267,0
DA:268,0
DA:272,0
DA:273,0
DA:274,0
DA:278,0
DA:279,0
DA:280,0
DA:284,0
DA:285,0
DA:286,0
DA:287,0
DA:288,0
DA:289,0
DA:291,0
DA:292,0
DA:294,0
DA:298,0
DA:299,0
DA:300,0
DA:306,0
DA:307,0
DA:308,0
DA:316,0
DA:317,0
DA:318,0
DA:321,0
DA:322,0
DA:323,0
DA:324,0
DA:329,0
DA:330,0
DA:331,0
DA:334,0
DA:335,0
DA:336,0
DA:337,0
DA:343,0
DA:344,0
DA:345,0
DA:346,0
DA:352,0
DA:353,0
DA:354,0
DA:355,0
DA:359,0
DA:360,0
DA:361,0
DA:362,0
DA:366,0
DA:367,0
DA:368,0
DA:369,0
DA:376,0
DA:378,0
DA:381,0
DA:382,0
DA:383,0
DA:384,0
DA:388,0
DA:389,0
DA:393,0
DA:394,0
DA:398,0
DA:399,0
DA:403,0
DA:404,0
DA:408,0
DA:409,0
DA:416,0
DA:417,0
DA:418,0
DA:419,0
DA:420,0
DA:427,0
DA:428,0
DA:432,0
DA:433,0
DA:438,0
DA:439,0
DA:441,0
DA:442,0
DA:443,0
DA:444,0
DA:446,0
DA:447,0
DA:448,0
DA:449,0
DA:450,0
DA:451,0
DA:459,0
DA:460,0
DA:461,0
DA:465,0
DA:466,0
DA:467,0
DA:471,0
DA:472,0
DA:473,0
DA:477,0
DA:478,0
DA:479,0
DA:484,0
DA:490,0
DA:502,0
DA:503,0
DA:504,0
DA:505,0
DA:509,0
DA:510,0
DA:511,0
DA:512,0
DA:515,0
DA:519,0
DA:521,0
DA:522,0
DA:524,0
DA:527,0
DA:528,0
DA:531,0
DA:536,0
DA:546,0
DA:547,0
DA:550,0
DA:552,0
DA:553,0
DA:554,0
DA:555,0
DA:556,0
DA:559,0
DA:560,0
DA:561,0
DA:562,0
DA:563,0
DA:564,0
DA:565,0
DA:566,0
DA:567,0
DA:568,0
DA:573,0
DA:574,0
DA:576,0
DA:577,0
DA:580,0
DA:582,0
DA:584,0
DA:585,0
DA:586,0
DA:587,0
DA:589,0
DA:592,0
DA:593,0
DA:598,0
DA:599,0
DA:603,0
DA:605,0
DA:606,0
DA:613,0
DA:614,0
DA:618,0
DA:619,0
DA:620,0
DA:625,0
DA:626,0
DA:627,0
DA:629,0
DA:630,0
DA:634,0
DA:643,0
DA:644,0
DA:645,0
DA:646,0
DA:647,0
DA:650,0
DA:651,0
DA:652,0
DA:655,0
DA:656,0
DA:663,0
DA:668,0
DA:673,0
DA:681,0
DA:682,0
DA:683,0
DA:684,0
DA:685,0
DA:686,0
DA:687,0
DA:690,0
DA:691,0
DA:692,0
DA:693,0
DA:694,0
DA:696,0
DA:702,0
DA:703,0
DA:704,0
DA:705,0
DA:706,0
DA:707,0
DA:710,0
DA:711,0
DA:712,0
DA:713,0
DA:714,0
DA:716,0
DA:722,0
DA:723,0
DA:724,0
DA:726,0
DA:727,0
DA:728,0
DA:733,0
DA:734,0
DA:735,0
DA:736,0
DA:737,0
DA:738,0
DA:744,0
DA:745,0
DA:746,0
DA:747,0
DA:748,0
DA:749,0
DA:755,0
DA:756,0
DA:762,0
DA:763,0
DA:769,0
DA:770,0
DA:771,0
DA:772,0
DA:773,0
DA:775,0
DA:780,0
DA:787,0
DA:791,0
DA:795,0
DA:800,0
DA:801,0
DA:802,0
DA:803,0
DA:804,0
DA:806,0
DA:807,0
DA:810,0
DA:811,0
DA:815,0
DA:816,0
DA:818,0
DA:819,0
DA:820,0
DA:821,0
DA:822,0
DA:823,0
DA:826,0
DA:833,0
DA:834,0
DA:836,0
DA:837,0
DA:838,0
DA:840,0
DA:845,0
DA:846,0
DA:847,0
DA:849,0
DA:850,0
DA:851,0
DA:852,0
DA:857,0
DA:860,0
DA:861,0
DA:864,0
DA:865,0
DA:867,0
DA:870,0
DA:871,0
DA:872,0
DA:873,0
DA:874,0
DA:876,0
DA:877,0
DA:878,0
DA:879,0
DA:881,0
DA:882,0
DA:884,0
DA:887,0
DA:888,0
DA:889,0
DA:890,0
DA:891,0
DA:892,0
DA:893,0
DA:894,0
DA:895,0
DA:896,0
DA:897,0
DA:901,0
DA:902,0
DA:903,0
DA:904,0
DA:905,0
DA:906,0
DA:907,0
DA:908,0
DA:909,0
DA:910,0
DA:911,0
DA:915,0
DA:916,0
DA:917,0
DA:918,0
DA:919,0
DA:920,0
DA:921,0
DA:922,0
DA:923,0
DA:924,0
DA:925,0
DA:926,0
DA:930,0
DA:931,0
DA:932,0
DA:933,0
DA:934,0
DA:935,0
DA:936,0
DA:937,0
DA:938,0
DA:946,0
DA:950,0
DA:954,0
DA:955,0
DA:957,0
DA:958,0
DA:960,0
DA:961,0
DA:962,0
DA:963,0
DA:964,0
DA:965,0
DA:968,0
DA:976,0
DA:981,0
DA:982,0
DA:983,0
DA:984,0
DA:986,0
DA:987,0
DA:988,0
DA:992,0
DA:993,0
DA:994,0
DA:997,0
DA:998,0
DA:999,0
DA:1000,0
DA:1001,0
DA:1004,0
DA:1005,0
DA:1006,0
DA:1009,0
DA:1010,0
DA:1011,0
DA:1013,0
DA:1014,0
DA:1018,0
DA:1019,0
DA:1021,0
DA:1023,0
DA:1024,0
DA:1027,0
DA:1028,0
DA:1031,0
DA:1033,0
DA:1034,0
DA:1037,0
DA:1038,0
DA:1039,0
DA:1040,0
DA:1041,0
DA:1042,0
DA:1043,0
DA:1046,0
DA:1047,0
DA:1048,0
DA:1049,0
DA:1050,0
DA:1051,0
DA:1052,0
DA:1053,0
DA:1057,0
DA:1058,0
DA:1059,0
DA:1060,0
DA:1061,0
DA:1062,0
DA:1063,0
DA:1064,0
DA:1067,0
DA:1068,0
DA:1069,0
DA:1070,0
DA:1073,0
DA:1074,0
DA:1075,0
DA:1076,0
DA:1077,0
DA:1078,0
DA:1083,0
DA:1084,0
DA:1085,0
DA:1086,0
DA:1087,0
DA:1093,0
DA:1094,0
DA:1095,0
DA:1098,0
DA:1099,0
DA:1100,0
DA:1101,0
DA:1105,0
DA:1106,0
DA:1107,0
DA:1108,0
DA:1109,0
DA:1113,0
DA:1114,0
DA:1115,0
DA:1118,0
DA:1121,0
DA:1122,0
DA:1123,0
DA:1135,0
DA:1136,0
DA:1139,0
DA:1141,0
DA:1143,0
DA:1145,0
DA:1146,0
DA:1148,0
DA:1149,0
DA:1151,0
DA:1152,0
DA:1154,0
DA:1155,0
DA:1157,0
DA:1160,0
DA:1161,0
DA:1162,0
DA:1163,0
DA:1167,0
DA:1174,0
DA:1175,0
DA:1176,0
DA:1178,0
DA:1179,0
DA:1180,0
DA:1181,0
DA:1183,0
DA:1184,0
DA:1188,0
DA:1192,0
DA:1193,0
DA:1194,0
DA:1197,0
DA:1198,0
DA:1199,0
DA:1200,0
DA:1203,0
DA:1205,0
DA:1206,0
DA:1207,0
DA:1208,0
DA:1209,0
DA:1212,0
DA:1213,0
DA:1215,0
DA:1216,0
DA:1217,0
DA:1221,0
DA:1223,0
DA:1224,0
DA:1225,0
DA:1228,0
DA:1229,0
DA:1230,0
DA:1233,0
DA:1234,0
DA:1236,0
DA:1237,0
DA:1241,0
DA:1242,0
DA:1243,0
DA:1244,0
DA:1246,0
DA:1247,0
DA:1248,0
DA:1249,0
DA:1252,0
DA:1254,0
DA:1255,0
DA:1256,0
DA:1257,0
DA:1258,0
DA:1261,0
DA:1262,0
DA:1264,0
DA:1265,0
DA:1267,0
DA:1268,0
DA:1272,0
DA:1273,0
DA:1274,0
DA:1277,0
DA:1278,0
DA:1279,0
DA:1283,0
DA:1284,0
DA:1286,0
DA:1291,0
DA:1292,0
DA:1295,0
DA:1296,0
DA:1297,0
DA:1300,0
DA:1301,0
DA:1302,0
DA:1305,0
DA:1306,0
DA:1309,0
DA:1310,0
DA:1312,0
DA:1314,0
DA:1317,0
DA:1320,0
DA:1321,0
DA:1322,0
DA:1323,0
DA:1324,0
DA:1326,0
DA:1327,0
DA:1329,0
DA:1333,0
DA:1334,0
DA:1339,0
DA:1342,0
DA:1345,0
DA:1346,0
DA:1347,0
DA:1349,0
DA:1352,0
DA:1353,0
DA:1361,0
DA:1362,0
DA:1363,0
DA:1365,0
DA:1366,0
DA:1367,0
DA:1370,0
DA:1371,0
DA:1372,0
DA:1373,0
DA:1377,0
DA:1379,0
DA:1380,0
DA:1382,0
DA:1388,0
DA:1390,0
DA:1391,0
DA:1392,0
DA:1393,0
DA:1395,0
DA:1396,0
DA:1397,0
DA:1399,0
DA:1404,0
DA:1407,0
DA:1408,0
DA:1409,0
DA:1410,0
DA:1412,0
DA:1413,0
DA:1414,0
DA:1417,0
DA:1418,0
DA:1420,0
DA:1422,0
DA:1423,0
DA:1425,0
DA:1426,0
DA:1427,0
DA:1428,0
DA:1429,0
DA:1430,0
DA:1431,0
DA:1434,0
DA:1435,0
DA:1438,0
DA:1439,0
DA:1445,0
DA:1446,0
DA:1447,0
DA:1448,0
DA:1449,0
DA:1450,0
DA:1451,0
DA:1452,0
DA:1453,0
DA:1454,0
DA:1458,0
DA:1460,0
DA:1461,0
DA:1462,0
DA:1466,0
DA:1469,0
DA:1470,0
DA:1477,0
DA:1478,0
DA:1481,0
DA:1482,0
DA:1483,0
DA:1484,0
DA:1485,0
DA:1487,0
DA:1490,0
DA:1491,0
DA:1493,0
DA:1494,0
DA:1497,0
DA:1499,0
DA:1500,0
DA:1504,0
DA:1509,0
DA:1510,0
DA:1511,0
DA:1513,0
DA:1514,0
DA:1516,0
DA:1517,0
DA:1522,0
DA:1523,0
DA:1526,0
DA:1527,0
DA:1531,0
DA:1532,0
DA:1537,0
DA:1538,0
DA:1539,0
DA:1541,0
DA:1542,0
DA:1547,0
DA:1550,0
DA:1554,0
DA:1556,0
DA:1563,0
DA:1567,0
DA:1569,0
DA:1570,0
DA:1571,0
DA:1575,0
DA:1578,0
DA:1579,0
DA:1586,0
DA:1587,0
DA:1590,0
DA:1591,0
DA:1592,0
DA:1593,0
DA:1594,0
DA:1596,0
DA:1598,0
DA:1599,0
DA:1600,0
DA:1601,0
DA:1602,0
DA:1603,0
DA:1605,0
DA:1609,0
DA:1610,0
DA:1611,0
DA:1612,0
DA:1613,0
DA:1614,0
DA:1618,0
DA:1619,0
DA:1620,0
DA:1621,0
DA:1622,0
DA:1626,0
DA:1627,0
DA:1628,0
DA:1629,0
DA:1630,0
DA:1631,0
DA:1635,0
DA:1638,0
DA:1642,0
DA:1644,0
DA:1651,0
DA:1656,0
DA:1657,0
DA:1659,0
DA:1661,0
DA:1662,0
DA:1663,0
DA:1664,0
DA:1665,0
DA:1667,0
DA:1669,0
DA:1670,0
DA:1671,0
DA:1672,0
DA:1673,0
DA:1674,0
DA:1676,0
DA:1680,0
DA:1681,0
DA:1682,0
DA:1683,0
DA:1684,0
DA:1686,0
DA:1687,0
DA:1691,0
DA:1692,0
DA:1693,0
DA:1694,0
DA:1696,0
DA:1697,0
DA:1701,0
DA:1702,0
DA:1703,0
DA:1704,0
DA:1705,0
DA:1707,0
DA:1708,0
DA:1712,0
DA:1715,0
DA:1722,0
DA:1723,0
DA:1725,0
DA:1727,0
DA:1728,0
DA:1729,0
DA:1730,0
DA:1731,0
DA:1733,0
DA:1735,0
DA:1736,0
DA:1737,0
DA:1738,0
DA:1739,0
DA:1740,0
DA:1742,0
DA:1746,0
DA:1747,0
DA:1748,0
DA:1749,0
DA:1750,0
DA:1752,0
DA:1753,0
DA:1757,0
DA:1758,0
DA:1759,0
DA:1760,0
DA:1762,0
DA:1763,0
DA:1767,0
DA:1768,0
DA:1769,0
DA:1770,0
DA:1771,0
DA:1773,0
DA:1774,0
DA:1778,0
DA:1781,0
DA:1787,0
DA:1789,0
DA:1790,0
DA:1791,0
DA:1793,0
DA:1794,0
DA:1795,0
DA:1798,0
DA:1799,0
DA:1800,0
DA:1801,0
DA:1802,0
DA:1803,0
DA:1804,0
DA:1808,0
DA:1810,0
DA:1811,0
DA:1812,0
DA:1815,0
DA:1816,0
DA:1819,0
DA:1823,0
DA:1824,0
DA:1838,0
DA:1839,0
DA:1841,0
DA:1842,0
DA:1843,0
DA:1844,0
DA:1846,0
DA:1847,0
DA:1848,0
DA:1849,0
DA:1850,0
DA:1851,0
DA:1852,0
DA:1854,0
DA:1855,0
DA:1857,0
DA:1858,0
DA:1859,0
DA:1861,0
DA:1862,0
DA:1863,0
DA:1865,0
DA:1866,0
DA:1867,0
DA:1868,0
DA:1869,0
DA:1872,0
DA:1873,0
DA:1874,0
DA:1875,0
DA:1876,0
DA:1879,0
DA:1882,0
DA:1884,0
DA:1885,0
DA:1886,0
DA:1887,0
DA:1888,0
DA:1889,0
DA:1891,0
DA:1892,0
DA:1895,0
DA:1896,0
DA:1897,0
DA:1903,0
DA:1904,0
DA:1905,0
DA:1906,0
DA:1907,0
DA:1908,0
DA:1912,0
DA:1913,0
DA:1917,0
DA:1918,0
DA:1922,0
DA:1926,0
DA:1930,0
DA:1933,0
DA:1934,0
DA:1935,0
DA:1939,0
DA:1940,0
DA:1941,0
DA:1956,0
DA:1957,0
DA:1971,0
DA:1972,0
DA:1981,0
DA:1982,0
DA:1983,0
DA:1984,0
DA:1986,0
DA:1987,0
DA:1988,0
DA:1989,0
DA:1990,0
DA:1991,0
DA:1994,0
DA:1995,0
DA:2003,0
DA:2004,0
DA:2005,0
DA:2006,0
DA:2007,0
DA:2010,0
DA:2012,0
DA:2013,0
DA:2014,0
DA:2015,0
DA:2017,0
DA:2018,0
DA:2022,0
DA:2023,0
DA:2024,0
DA:2028,0
DA:2029,0
DA:2030,0
DA:2031,0
DA:2034,0
DA:2035,0
DA:2036,0
DA:2045,0
DA:2046,0
DA:2047,0
DA:2048,0
DA:2049,0
DA:2050,0
DA:2053,0
DA:2054,0
DA:2055,0
DA:2056,0
DA:2057,0
DA:2061,0
DA:2062,0
DA:2065,0
DA:2066,0
DA:2067,0
DA:2069,0
DA:2070,0
DA:2071,0
DA:2072,0
DA:2073,0
DA:2074,0
DA:2075,0
DA:2077,0
DA:2078,0
DA:2079,0
DA:2080,0
DA:2081,0
DA:2083,0
DA:2086,0
DA:2087,0
DA:2088,0
DA:2090,0
DA:2091,0
DA:2092,0
DA:2093,0
DA:2094,0
DA:2096,0
DA:2097,0
DA:2098,0
DA:2100,0
DA:2101,0
DA:2102,0
DA:2103,0
DA:2105,0
DA:2106,0
DA:2107,0
DA:2108,0
DA:2110,0
DA:2111,0
DA:2112,0
DA:2114,0
DA:2118,0
DA:2119,0
DA:2120,0
DA:2124,0
DA:2125,0
DA:2134,0
DA:2135,0
DA:2136,0
DA:2137,0
DA:2138,0
DA:2139,0
DA:2140,0
DA:2141,0
DA:2142,0
DA:2143,0
DA:2144,0
DA:2145,0
DA:2146,0
DA:2149,0
DA:2150,0
DA:2151,0
DA:2154,0
LF:1079
LH:0
BRDA:33,0,0,0
BRDA:33,0,1,0
BRDA:65,1,0,0
BRDA:65,1,1,0
BRDA:80,2,0,0
BRDA:80,2,1,0
BRDA:81,3,0,0
BRDA:81,3,1,0
BRDA:82,4,0,0
BRDA:82,4,1,0
BRDA:85,5,0,0
BRDA:85,5,1,0
BRDA:86,6,0,0
BRDA:86,6,1,0
BRDA:113,7,0,0
BRDA:113,7,1,0
BRDA:134,8,0,0
BRDA:134,8,1,0
BRDA:139,9,0,0
BRDA:139,9,1,0
BRDA:155,10,0,0
BRDA:155,10,1,0
BRDA:156,11,0,0
BRDA:156,11,1,0
BRDA:161,12,0,0
BRDA:161,12,1,0
BRDA:172,13,0,0
BRDA:228,14,0,0
BRDA:228,14,1,0
BRDA:234,15,0,0
BRDA:234,15,1,0
BRDA:240,16,0,0
BRDA:240,16,1,0
BRDA:242,17,0,0
BRDA:242,17,1,0
BRDA:250,18,0,0
BRDA:250,18,1,0
BRDA:252,19,0,0
BRDA:252,19,1,0
BRDA:266,20,0,0
BRDA:266,20,1,0
BRDA:266,21,0,0
BRDA:266,21,1,0
BRDA:273,22,0,0
BRDA:273,22,1,0
BRDA:279,23,0,0
BRDA:279,23,1,0
BRDA:289,24,0,0
BRDA:289,24,1,0
BRDA:291,25,0,0
BRDA:291,25,1,0
BRDA:299,26,0,0
BRDA:299,26,1,0
BRDA:306,27,0,0
BRDA:306,27,1,0
BRDA:307,28,0,0
BRDA:307,28,1,0
BRDA:317,29,0,0
BRDA:317,29,1,0
BRDA:318,30,0,0
BRDA:318,30,1,0
BRDA:323,31,0,0
BRDA:323,31,1,0
BRDA:323,32,0,0
BRDA:323,32,1,0
BRDA:330,33,0,0
BRDA:330,33,1,0
BRDA:331,34,0,0
BRDA:331,34,1,0
BRDA:336,35,0,0
BRDA:336,35,1,0
BRDA:336,36,0,0
BRDA:336,36,1,0
BRDA:344,37,0,0
BRDA:344,37,1,0
BRDA:353,38,0,0
BRDA:353,38,1,0
BRDA:354,39,0,0
BRDA:354,39,1,0
BRDA:361,40,0,0
BRDA:361,40,1,0
BRDA:366,41,0,0
BRDA:366,41,1,0
BRDA:368,42,0,0
BRDA:368,42,1,0
BRDA:378,43,0,0
BRDA:378,43,1,0
BRDA:378,44,0,0
BRDA:378,44,1,0
BRDA:381,45,0,0
BRDA:381,45,1,0
BRDA:381,46,0,0
BRDA:381,46,1,0
BRDA:388,47,0,0
BRDA:388,47,1,0
BRDA:388,48,0,0
BRDA:388,48,1,0
BRDA:393,49,0,0
BRDA:393,49,1,0
BRDA:393,50,0,0
BRDA:393,50,1,0
BRDA:398,51,0,0
BRDA:398,51,1,0
BRDA:398,52,0,0
BRDA:398,52,1,0
BRDA:403,53,0,0
BRDA:403,53,1,0
BRDA:403,54,0,0
BRDA:403,54,1,0
BRDA:408,55,0,0
BRDA:408,55,1,0
BRDA:433,56,0,0
BRDA:433,56,1,0
BRDA:439,57,0,0
BRDA:439,57,1,0
BRDA:488,58,0,0
BRDA:488,59,0,0
BRDA:496,60,0,0
BRDA:496,60,1,0
BRDA:503,61,0,0
BRDA:503,61,1,0
BRDA:511,62,0,0
BRDA:511,62,1,0
BRDA:521,63,0,0
BRDA:521,63,1,0
BRDA:546,64,0,0
BRDA:546,64,1,0
BRDA:555,65,0,0
BRDA:555,65,1,0
BRDA:559,66,0,0
BRDA:559,66,1,0
BRDA:559,67,0,0
BRDA:559,67,1,0
BRDA:561,68,0,0
BRDA:561,68,1,0
BRDA:561,69,0,0
BRDA:561,69,1,0
BRDA:563,70,0,0
BRDA:563,70,1,0
BRDA:563,71,0,0
BRDA:563,71,1,0
BRDA:565,72,0,0
BRDA:565,72,1,0
BRDA:565,73,0,0
BRDA:565,73,1,0
BRDA:567,74,0,0
BRDA:567,74,1,0
BRDA:576,75,0,0
BRDA:576,75,1,0
BRDA:582,76,0,0
BRDA:582,76,1,0
BRDA:582,77,0,0
BRDA:582,77,1,0
BRDA:584,78,0,0
BRDA:584,78,1,0
BRDA:587,79,0,0
BRDA:587,79,1,0
BRDA:587,79,2,0
BRDA:592,80,0,0
BRDA:592,80,1,0
BRDA:592,81,0,0
BRDA:592,81,1,0
BRDA:598,82,0,0
BRDA:598,82,1,0
BRDA:625,83,0,0
BRDA:625,83,1,0
BRDA:625,84,0,0
BRDA:625,84,1,0
BRDA:644,85,0,0
BRDA:644,85,1,0
BRDA:679,86,0,0
BRDA:683,87,0,0
BRDA:683,87,1,0
BRDA:690,88,0,0
BRDA:690,88,1,0
BRDA:700,89,0,0
BRDA:704,90,0,0
BRDA:704,90,1,0
BRDA:710,91,0,0
BRDA:710,91,1,0
BRDA:720,92,0,0
BRDA:722,93,0,0
BRDA:722,93,1,0
BRDA:734,94,0,0
BRDA:734,94,1,0
BRDA:745,95,0,0
BRDA:745,95,1,0
BRDA:769,96,0,0
BRDA:769,96,1,0
BRDA:779,97,0,0
BRDA:801,98,0,0
BRDA:801,98,1,0
BRDA:801,99,0,0
BRDA:801,99,1,0
BRDA:816,100,0,0
BRDA:816,100,1,0
BRDA:819,101,0,0
BRDA:819,101,1,0
BRDA:821,102,0,0
BRDA:821,102,1,0
BRDA:822,103,0,0
BRDA:822,103,1,0
BRDA:836,104,0,0
BRDA:836,104,1,0
BRDA:847,105,0,0
BRDA:847,105,1,0
BRDA:850,106,0,0
BRDA:850,106,1,0
BRDA:851,107,0,0
BRDA:851,107,1,0
BRDA:857,108,0,0
BRDA:857,108,1,0
BRDA:860,109,0,0
BRDA:860,109,1,0
BRDA:861,110,0,0
BRDA:861,110,1,0
BRDA:867,111,0,0
BRDA:867,111,1,0
BRDA:867,111,2,0
BRDA:867,111,3,0
BRDA:867,111,4,0
BRDA:955,112,0,0
BRDA:955,112,1,0
BRDA:961,113,0,0
BRDA:961,113,1,0
BRDA:963,114,0,0
BRDA:963,114,1,0
BRDA:964,115,0,0
BRDA:964,115,1,0
BRDA:986,116,0,0
BRDA:986,116,1,0
BRDA:986,117,0,0
BRDA:986,117,1,0
BRDA:986,117,2,0
BRDA:986,117,3,0
BRDA:1010,118,0,0
BRDA:1010,118,1,0
BRDA:1033,119,0,0
BRDA:1033,119,1,0
BRDA:1042,120,0,0
BRDA:1042,120,1,0
BRDA:1046,121,0,0
BRDA:1046,121,1,0
BRDA:1057,122,0,0
BRDA:1057,122,1,0
BRDA:1057,123,0,0
BRDA:1057,123,1,0
BRDA:1084,124,0,0
BRDA:1084,124,1,0
BRDA:1100,125,0,0
BRDA:1100,125,1,0
BRDA:1105,126,0,0
BRDA:1105,126,1,0
BRDA:1108,127,0,0
BRDA:1108,127,1,0
BRDA:1113,128,0,0
BRDA:1113,128,1,0
BRDA:1135,129,0,0
BRDA:1135,129,1,0
BRDA:1140,130,0,0
BRDA:1140,130,1,0
BRDA:1161,131,0,0
BRDA:1161,131,1,0
BRDA:1178,132,0,0
BRDA:1178,132,1,0
BRDA:1184,133,0,0
BRDA:1184,133,1,0
BRDA:1198,134,0,0
BRDA:1198,134,1,0
BRDA:1205,135,0,0
BRDA:1205,135,1,0
BRDA:1208,136,0,0
BRDA:1208,136,1,0
BRDA:1224,137,0,0
BRDA:1224,137,1,0
BRDA:1228,138,0,0
BRDA:1228,138,1,0
BRDA:1247,139,0,0
BRDA:1247,139,1,0
BRDA:1254,140,0,0
BRDA:1254,140,1,0
BRDA:1257,141,0,0
BRDA:1257,141,1,0
BRDA:1277,142,0,0
BRDA:1277,142,1,0
BRDA:1283,143,0,0
BRDA:1283,143,1,0
BRDA:1283,144,0,0
BRDA:1283,144,1,0
BRDA:1296,145,0,0
BRDA:1296,145,1,0
BRDA:1300,146,0,0
BRDA:1300,146,1,0
BRDA:1309,147,0,0
BRDA:1309,147,1,0
BRDA:1326,148,0,0
BRDA:1326,148,1,0
BRDA:1333,149,0,0
BRDA:1333,149,1,0
BRDA:1352,150,0,0
BRDA:1352,150,1,0
BRDA:1361,151,0,0
BRDA:1361,151,1,0
BRDA:1362,152,0,0
BRDA:1362,152,1,0
BRDA:1363,153,0,0
BRDA:1363,153,1,0
BRDA:1365,154,0,0
BRDA:1365,154,1,0
BRDA:1365,155,0,0
BRDA:1365,155,1,0
BRDA:1371,156,0,0
BRDA:1371,156,1,0
BRDA:1377,157,0,0
BRDA:1377,157,1,0
BRDA:1379,158,0,0
BRDA:1379,158,1,0
BRDA:1390,159,0,0
BRDA:1390,159,1,0
BRDA:1407,160,0,0
BRDA:1407,160,1,0
BRDA:1408,161,0,0
BRDA:1408,161,1,0
BRDA:1409,162,0,0
BRDA:1409,162,1,0
BRDA:1410,163,0,0
BRDA:1410,163,1,0
BRDA:1412,164,0,0
BRDA:1412,164,1,0
BRDA:1414,165,0,0
BRDA:1414,165,1,0
BRDA:1417,166,0,0
BRDA:1417,166,1,0
BRDA:1420,167,0,0
BRDA:1420,167,1,0
BRDA:1420,168,0,0
BRDA:1420,168,1,0
BRDA:1423,169,0,0
BRDA:1423,169,1,0
BRDA:1426,170,0,0
BRDA:1426,170,1,0
BRDA:1427,171,0,0
BRDA:1427,171,1,0
BRDA:1429,172,0,0
BRDA:1429,172,1,0
BRDA:1431,173,0,0
BRDA:1431,173,1,0
BRDA:1435,174,0,0
BRDA:1435,174,1,0
BRDA:1438,175,0,0
BRDA:1438,175,1,0
BRDA:1445,176,0,0
BRDA:1445,176,1,0
BRDA:1447,177,0,0
BRDA:1447,177,1,0
BRDA:1448,178,0,0
BRDA:1448,178,1,0
BRDA:1449,179,0,0
BRDA:1449,179,1,0
BRDA:1450,180,0,0
BRDA:1450,180,1,0
BRDA:1451,181,0,0
BRDA:1451,181,1,0
BRDA:1452,182,0,0
BRDA:1452,182,1,0
BRDA:1453,183,0,0
BRDA:1453,183,1,0
BRDA:1457,184,0,0
BRDA:1460,185,0,0
BRDA:1460,185,1,0
BRDA:1477,186,0,0
BRDA:1477,186,1,0
BRDA:1478,187,0,0
BRDA:1478,187,1,0
BRDA:1487,188,0,0
BRDA:1487,188,1,0
BRDA:1487,188,2,0
BRDA:1487,188,3,0
BRDA:1487,188,4,0
BRDA:1487,188,5,0
BRDA:1493,189,0,0
BRDA:1493,189,1,0
BRDA:1494,190,0,0
BRDA:1494,190,1,0
BRDA:1497,191,0,0
BRDA:1497,191,1,0
BRDA:1497,192,0,0
BRDA:1497,192,1,0
BRDA:1499,193,0,0
BRDA:1499,193,1,0
BRDA:1510,194,0,0
BRDA:1510,194,1,0
BRDA:1511,195,0,0
BRDA:1511,195,1,0
BRDA:1513,196,0,0
BRDA:1513,196,1,0
BRDA:1516,197,0,0
BRDA:1516,197,1,0
BRDA:1526,198,0,0
BRDA:1526,198,1,0
BRDA:1527,199,0,0
BRDA:1527,199,1,0
BRDA:1531,200,0,0
BRDA:1531,200,1,0
BRDA:1538,201,0,0
BRDA:1538,201,1,0
BRDA:1539,202,0,0
BRDA:1539,202,1,0
BRDA:1539,203,0,0
BRDA:1539,203,1,0
BRDA:1541,204,0,0
BRDA:1541,204,1,0
BRDA:1563,205,0,0
BRDA:1563,205,1,0
BRDA:1566,206,0,0
BRDA:1569,207,0,0
BRDA:1569,207,1,0
BRDA:1586,208,0,0
BRDA:1586,208,1,0
BRDA:1587,209,0,0
BRDA:1587,209,1,0
BRDA:1596,210,0,0
BRDA:1596,210,1,0
BRDA:1596,210,2,0
BRDA:1596,210,3,0
BRDA:1596,210,4,0
BRDA:1596,210,5,0
BRDA:1600,211,0,0
BRDA:1600,211,1,0
BRDA:1600,212,0,0
BRDA:1600,212,1,0
BRDA:1601,213,0,0
BRDA:1601,213,1,0
BRDA:1601,214,0,0
BRDA:1601,214,1,0
BRDA:1602,215,0,0
BRDA:1602,215,1,0
BRDA:1610,216,0,0
BRDA:1610,216,1,0
BRDA:1611,217,0,0
BRDA:1611,217,1,0
BRDA:1612,218,0,0
BRDA:1612,218,1,0
BRDA:1613,219,0,0
BRDA:1613,219,1,0
BRDA:1620,220,0,0
BRDA:1620,220,1,0
BRDA:1620,221,0,0
BRDA:1620,221,1,0
BRDA:1621,222,0,0
BRDA:1621,222,1,0
BRDA:1627,223,0,0
BRDA:1627,223,1,0
BRDA:1628,224,0,0
BRDA:1628,224,1,0
BRDA:1629,225,0,0
BRDA:1629,225,1,0
BRDA:1630,226,0,0
BRDA:1630,226,1,0
BRDA:1651,227,0,0
BRDA:1651,227,1,0
BRDA:1656,228,0,0
BRDA:1656,228,1,0
BRDA:1659,229,0,0
BRDA:1659,229,1,0
BRDA:1667,230,0,0
BRDA:1667,230,1,0
BRDA:1667,230,2,0
BRDA:1667,230,3,0
BRDA:1667,230,4,0
BRDA:1667,230,5,0
BRDA:1671,231,0,0
BRDA:1671,231,1,0
BRDA:1671,232,0,0
BRDA:1671,232,1,0
BRDA:1672,233,0,0
BRDA:1672,233,1,0
BRDA:1672,234,0,0
BRDA:1672,234,1,0
BRDA:1673,235,0,0
BRDA:1673,235,1,0
[...]
BRDA:357,30,0,0
BRDA:361,31,0,0
BRDA:361,31,1,0
BRDA:373,32,0,0
BRDA:376,33,0,0
BRDA:376,33,1,0
BRDA:387,34,0,0
BRDA:387,34,1,0
BRDA:409,35,0,0
BRDA:409,35,1,0
BRDA:454,36,0,0
BRDA:454,36,1,0
BRDA:458,37,0,0
BRDA:458,37,1,0
BRDA:479,38,0,0
BRDA:479,38,1,0
BRDA:504,39,0,0
BRDA:507,40,0,0
BRDA:507,40,1,0
BRDA:515,41,0,0
BRDA:517,42,0,0
BRDA:517,42,1,0
BRDA:539,43,0,0
BRDA:539,43,1,0
BRDA:539,44,0,0
BRDA:539,44,1,0
BRDA:589,45,0,0
BRDA:589,45,1,0
BRDA:594,46,0,0
BRDA:594,46,1,0
BRDA:603,47,0,0
BRDA:603,47,1,0
BRDA:643,48,0,0
BRDA:653,49,0,0
BRDA:656,50,0,0
BRDA:656,50,1,0
BRDA:676,51,0,0
BRDA:676,51,1,0
BRDA:676,52,0,0
BRDA:676,52,1,0
BRDA:691,53,0,0
BRDA:691,53,1,0
BRDA:722,54,0,0
BRDA:722,54,1,0
BRDA:750,55,0,0
BRDA:750,55,1,0
BRDA:753,56,0,0
BRDA:753,56,1,0
BRDA:782,57,0,0
BRDA:782,57,1,0
BRDA:819,58,0,0
BRDA:819,58,1,0
BRDA:823,59,0,0
BRDA:823,59,1,0
BRDA:823,60,0,0
BRDA:823,60,1,0
BRDA:845,61,0,0
BRDA:845,61,1,0
BRDA:860,62,0,0
BRDA:860,62,1,0
BRF:113
BRH:0
end_of_record
TN:
SF:scripts\modules\modal-manager.mjs
FN:10,(anonymous_0)
FN:22,(anonymous_1)
FN:30,(anonymous_2)
FN:38,(anonymous_3)
FN:45,(anonymous_4)
FN:52,(anonymous_5)
FN:113,(anonymous_6)
FN:136,(anonymous_7)
FN:137,(anonymous_8)
FN:146,(anonymous_9)
FN:158,(anonymous_10)
FN:168,(anonymous_11)
FN:244,(anonymous_12)
FN:349,(anonymous_13)
FN:353,(anonymous_14)
FNF:15
FNH:0
FNDA:0,(anonymous_0)
FNDA:0,(anonymous_1)
FNDA:0,(anonymous_2)
FNDA:0,(anonymous_3)
FNDA:0,(anonymous_4)
FNDA:0,(anonymous_5)
FNDA:0,(anonymous_6)
FNDA:0,(anonymous_7)
FNDA:0,(anonymous_8)
FNDA:0,(anonymous_9)
FNDA:0,(anonymous_10)
FNDA:0,(anonymous_11)
FNDA:0,(anonymous_12)
FNDA:0,(anonymous_13)
FNDA:0,(anonymous_14)
DA:6,0
DA:11,0
DA:12,0
DA:13,0
DA:14,0
DA:15,0
DA:16,0
DA:23,0
DA:24,0
DA:31,0
DA:32,0
DA:39,0
DA:46,0
DA:53,0
DA:56,0
DA:57,0
DA:58,0
DA:62,0
DA:63,0
DA:64,0
DA:79,0
DA:80,0
DA:94,0
DA:95,0
DA:104,0
DA:105,0
DA:106,0
DA:107,0
DA:109,0
DA:110,0
DA:111,0
DA:112,0
DA:113,0
DA:114,0
DA:117,0
DA:118,0
DA:119,0
DA:127,0
DA:128,0
DA:129,0
DA:130,0
DA:131,0
DA:134,0
DA:136,0
DA:137,0
DA:138,0
DA:139,0
DA:141,0
DA:142,0
DA:146,0
DA:147,0
DA:148,0
DA:152,0
DA:153,0
DA:154,0
DA:155,0
DA:158,0
DA:159,0
DA:160,0
DA:169,0
DA:170,0
DA:171,0
DA:172,0
DA:173,0
DA:174,0
DA:177,0
DA:178,0
DA:179,0
DA:180,0
DA:181,0
DA:185,0
DA:186,0
DA:189,0
DA:190,0
DA:191,0
DA:193,0
DA:194,0
DA:195,0
DA:196,0
DA:197,0
DA:198,0
DA:199,0
DA:201,0
DA:202,0
DA:203,0
DA:204,0
DA:205,0
DA:207,0
DA:210,0
DA:211,0
DA:212,0
DA:214,0
DA:215,0
DA:216,0
DA:217,0
DA:218,0
DA:220,0
DA:221,0
DA:222,0
DA:224,0
DA:225,0
DA:226,0
DA:227,0
DA:229,0
DA:230,0
DA:231,0
DA:232,0
DA:234,0
DA:235,0
DA:236,0
DA:238,0
DA:245,0
DA:246,0
DA:247,0
DA:248,0
DA:250,0
DA:251,0
DA:252,0
DA:256,0
DA:257,0
DA:258,0
DA:261,0
DA:262,0
DA:263,0
DA:264,0
DA:265,0
DA:268,0
DA:269,0
DA:270,0
DA:273,0
DA:274,0
DA:275,0
DA:276,0
DA:277,0
DA:281,0
DA:282,0
DA:284,0
DA:286,0
DA:287,0
DA:288,0
DA:291,0
DA:292,0
DA:295,0
DA:297,0
DA:298,0
DA:301,0
DA:302,0
DA:303,0
DA:304,0
DA:305,0
DA:306,0
DA:307,0
DA:310,0
DA:311,0
DA:312,0
DA:313,0
DA:314,0
DA:315,0
DA:316,0
DA:317,0
DA:321,0
DA:322,0
DA:323,0
DA:324,0
DA:325,0
DA:326,0
DA:327,0
DA:328,0
DA:331,0
DA:332,0
DA:333,0
DA:334,0
DA:337,0
DA:338,0
DA:339,0
DA:340,0
DA:341,0
DA:342,0
DA:350,0
DA:351,0
DA:352,0
DA:353,0
DA:354,0
LF:183
LH:0
BRDA:10,0,0,0
BRDA:12,1,0,0
BRDA:12,1,1,0
BRDA:14,2,0,0
BRDA:14,2,1,0
BRDA:53,3,0,0
BRDA:53,3,1,0
BRDA:57,4,0,0
BRDA:57,4,1,0
BRDA:106,5,0,0
BRDA:106,5,1,0
BRDA:127,6,0,0
BRDA:127,6,1,0
BRDA:127,7,0,0
BRDA:127,7,1,0
BRDA:138,8,0,0
BRDA:138,8,1,0
BRDA:159,9,0,0
BRDA:159,9,1,0
BRDA:177,10,0,0
BRDA:177,10,1,0
BRDA:226,11,0,0
BRDA:226,11,1,0
BRDA:231,12,0,0
BRDA:231,12,1,0
BRDA:250,13,0,0
BRDA:250,13,1,0
BRDA:250,14,0,0
BRDA:250,14,1,0
BRDA:250,14,2,0
BRDA:250,14,3,0
BRDA:274,15,0,0
BRDA:274,15,1,0
BRDA:297,16,0,0
BRDA:297,16,1,0
BRDA:306,17,0,0
BRDA:306,17,1,0
BRDA:310,18,0,0
BRDA:310,18,1,0
BRDA:321,19,0,0
BRDA:321,19,1,0
BRDA:321,20,0,0
BRDA:321,20,1,0
BRDA:351,21,0,0
BRDA:351,21,1,0
BRF:45
BRH:0
end_of_record
TN:
SF:scripts\modules\opponent-methods.mjs
FN:12,(anonymous_0)
FN:41,(anonymous_1)
FN:93,(anonymous_2)
FN:114,(anonymous_3)
FN:126,(anonymous_4)
FN:140,(anonymous_5)
FN:149,(anonymous_6)
FN:161,(anonymous_7)
FN:167,(anonymous_8)
FN:182,(anonymous_9)
FN:209,(anonymous_10)
FN:256,(anonymous_11)
FNF:12
FNH:0
FNDA:0,(anonymous_0)
FNDA:0,(anonymous_1)
FNDA:0,(anonymous_2)
FNDA:0,(anonymous_3)
FNDA:0,(anonymous_4)
FNDA:0,(anonymous_5)
FNDA:0,(anonymous_6)
FNDA:0,(anonymous_7)
FNDA:0,(anonymous_8)
FNDA:0,(anonymous_9)
FNDA:0,(anonymous_10)
FNDA:0,(anonymous_11)
DA:8,0
DA:13,0
DA:14,0
DA:17,0
DA:18,0
DA:19,0
DA:20,0
DA:23,0
DA:25,0
DA:26,0
DA:30,0
DA:34,0
DA:35,0
DA:38,0
DA:41,0
DA:51,0
DA:52,0
DA:54,0
DA:55,0
DA:56,0
DA:59,0
DA:60,0
DA:64,0
DA:67,0
DA:70,0
DA:73,0
DA:74,0
DA:75,0
DA:76,0
DA:78,0
DA:79,0
DA:80,0
DA:81,0
DA:84,0
DA:85,0
DA:86,0
DA:94,0
DA:96,0
DA:97,0
DA:98,0
DA:99,0
DA:100,0
DA:107,0
DA:108,0
DA:115,0
DA:116,0
DA:117,0
DA:118,0
DA:120,0
DA:127,0
DA:128,0
DA:129,0
DA:132,0
DA:133,0
DA:134,0
DA:141,0
DA:142,0
DA:144,0
DA:145,0
DA:147,0
DA:148,0
DA:149,0
DA:150,0
DA:154,0
DA:162,0
DA:163,0
DA:165,0
DA:166,0
DA:167,0
DA:168,0
DA:169,0
DA:170,0
DA:173,0
DA:183,0
DA:184,0
DA:185,0
DA:186,0
DA:187,0
DA:188,0
DA:189,0
DA:194,0
DA:196,0
DA:197,0
DA:200,0
DA:202,0
DA:210,0
DA:211,0
DA:214,0
DA:215,0
DA:217,0
DA:218,0
DA:219,0
DA:222,0
DA:223,0
DA:225,0
DA:226,0
DA:227,0
DA:230,0
DA:231,0
DA:232,0
DA:236,0
DA:237,0
DA:238,0
DA:239,0
DA:242,0
DA:243,0
DA:244,0
DA:245,0
DA:247,0
DA:249,0
DA:251,0
DA:252,0
DA:259,0
DA:260,0
DA:261,0
DA:265,0
DA:268,0
DA:269,0
DA:270,0
DA:271,0
DA:274,0
DA:275,0
DA:276,0
DA:277,0
DA:280,0
DA:281,0
DA:284,0
DA:286,0
DA:287,0
LF:129
LH:0
BRDA:13,0,0,0
BRDA:13,0,1,0
BRDA:25,1,0,0
BRDA:25,1,1,0
BRDA:25,2,0,0
BRDA:25,2,1,0
BRDA:44,3,0,0
BRDA:44,3,1,0
BRDA:45,4,0,0
BRDA:45,4,1,0
BRDA:46,5,0,0
BRDA:46,5,1,0
BRDA:60,6,0,0
BRDA:60,6,1,0
BRDA:78,7,0,0
BRDA:78,7,1,0
BRDA:79,8,0,0
BRDA:79,8,1,0
BRDA:80,9,0,0
BRDA:80,9,1,0
BRDA:81,10,0,0
BRDA:81,10,1,0
BRDA:127,11,0,0
BRDA:127,11,1,0
BRDA:144,12,0,0
BRDA:144,12,1,0
BRDA:148,13,0,0
BRDA:148,13,1,0
BRDA:163,14,0,0
BRDA:163,14,1,0
BRDA:166,15,0,0
BRDA:166,15,1,0
BRDA:168,16,0,0
BRDA:168,16,1,0
BRDA:169,17,0,0
BRDA:169,17,1,0
BRDA:184,18,0,0
BRDA:184,18,1,0
BRDA:214,19,0,0
BRDA:214,19,1,0
BRDA:215,20,0,0
BRDA:215,20,1,0
BRDA:217,21,0,0
BRDA:217,21,1,0
BRDA:217,22,0,0
BRDA:217,22,1,0
BRDA:225,23,0,0
BRDA:225,23,1,0
BRDA:230,24,0,0
BRDA:230,24,1,0
BRDA:259,25,0,0
BRDA:259,25,1,0
BRDA:259,26,0,0
BRDA:259,26,1,0
BRF:54
BRH:0
end_of_record
TN:
SF:scripts\modules\planeswalker.mjs
FN:10,(anonymous_0)
FN:46,(anonymous_1)
FN:62,(anonymous_2)
FN:93,(anonymous_3)
FN:115,(anonymous_4)
FN:123,(anonymous_5)
FNF:6
FNH:0
FNDA:0,(anonymous_0)
FNDA:0,(anonymous_1)
FNDA:0,(anonymous_2)
FNDA:0,(anonymous_3)
FNDA:0,(anonymous_4)
FNDA:0,(anonymous_5)
DA:6,0
DA:11,0
DA:14,0
DA:15,0
DA:19,0
DA:20,0
DA:21,0
DA:22,0
DA:23,0
DA:27,0
DA:28,0
DA:29,0
DA:30,0
DA:31,0
DA:32,0
DA:35,0
DA:37,0
DA:38,0
DA:39,0
DA:47,0
DA:48,0
DA:49,0
DA:51,0
DA:52,0
DA:54,0
DA:55,0
DA:63,0
DA:65,0
DA:68,0
DA:69,0
DA:70,0
DA:74,0
DA:75,0
DA:77,0
DA:78,0
DA:79,0
DA:82,0
DA:83,0
DA:84,0
DA:87,0
DA:94,0
DA:96,0
DA:97,0
DA:99,0
DA:101,0
DA:104,0
DA:105,0
DA:106,0
DA:109,0
DA:116,0
DA:117,0
DA:120,0
DA:121,0
DA:123,0
DA:124,0
DA:125,0
DA:126,0
DA:129,0
DA:130,0
DA:131,0
DA:132,0
DA:133,0
LF:62
LH:0
BRDA:11,0,0,0
BRDA:11,0,1,0
BRDA:14,1,0,0
BRDA:14,1,1,0
BRDA:14,2,0,0
BRDA:14,2,1,0
BRDA:19,3,0,0
BRDA:19,3,1,0
BRDA:20,4,0,0
BRDA:20,4,1,0
BRDA:29,5,0,0
BRDA:29,5,1,0
BRDA:30,6,0,0
BRDA:30,6,1,0
BRDA:37,7,0,0
BRDA:37,7,1,0
BRDA:49,8,0,0
BRDA:49,8,1,0
BRDA:52,9,0,0
BRDA:52,9,1,0
BRDA:63,10,0,0
BRDA:63,10,1,0
BRDA:65,11,0,0
BRDA:65,11,1,0
BRDA:68,12,0,0
BRDA:68,12,1,0
BRDA:68,13,0,0
BRDA:68,13,1,0
BRDA:74,14,0,0
BRDA:74,14,1,0
BRDA:75,15,0,0
BRDA:75,15,1,0
BRDA:77,16,0,0
BRDA:77,16,1,0
BRDA:82,17,0,0
BRDA:82,17,1,0
BRDA:94,18,0,0
BRDA:94,18,1,0
BRDA:96,19,0,0
BRDA:96,19,1,0
BRDA:97,20,0,0
BRDA:97,20,1,0
BRDA:104,21,0,0
BRDA:104,21,1,0
BRDA:124,22,0,0
BRDA:124,22,1,0
BRDA:129,23,0,0
BRDA:129,23,1,0
BRF:48
BRH:0
end_of_record
TN:
SF:scripts\modules\triggered-abilities.mjs
FN:7,(anonymous_0)
FN:14,(anonymous_1)
FN:28,(anonymous_2)
FN:33,(anonymous_3)
FN:56,(anonymous_4)
FN:157,(anonymous_5)
FNF:6
FNH:6
FNDA:3,(anonymous_0)
FNDA:2,(anonymous_1)
FNDA:1,(anonymous_2)
FNDA:4,(anonymous_3)
FNDA:3,(anonymous_4)
FNDA:4,(anonymous_5)
DA:6,1
DA:8,3
DA:11,3
DA:14,3
DA:15,2
DA:16,2
DA:17,2
DA:20,3
DA:21,2
DA:22,2
DA:25,1
DA:28,1
DA:29,1
DA:34,4
DA:37,4
DA:39,4
DA:40,1
DA:41,1
DA:42,1
DA:46,3
DA:47,3
DA:48,3
DA:50,3
DA:53,3
DA:57,3
DA:58,3
DA:59,3
DA:73,3
DA:75,3
DA:148,3
DA:151,3
DA:159,4
DA:161,4
DA:162,1
DA:163,1
DA:166,3
DA:168,3
DA:170,2
DA:171,2
DA:172,2
DA:173,2
DA:175,1
DA:176,1
DA:180,3
LF:44
LH:44
BRDA:8,0,0,3
BRDA:8,0,1,0
BRDA:15,1,0,2
BRDA:15,1,1,0
BRDA:16,2,0,2
BRDA:16,2,1,0
BRDA:17,3,0,2
BRDA:17,3,1,2
BRDA:20,4,0,2
BRDA:20,4,1,1
BRDA:33,5,0,4
BRDA:34,6,0,4
BRDA:34,6,1,0
BRDA:39,7,0,1
BRDA:39,7,1,3
BRDA:47,8,0,3
BRDA:47,8,1,0
BRDA:48,9,0,3
BRDA:48,9,1,1
BRDA:73,10,0,3
BRDA:73,10,1,0
BRDA:79,11,0,2
BRDA:79,11,1,1
BRDA:106,12,0,2
BRDA:106,12,1,1
BRDA:107,13,0,2
BRDA:107,13,1,1
BRDA:119,14,0,2
BRDA:119,14,1,1
BRDA:122,15,0,2
BRDA:122,15,1,1
BRDA:130,16,0,2
BRDA:130,16,1,1
BRDA:143,17,0,2
BRDA:143,17,1,1
BRDA:161,18,0,1
BRDA:161,18,1,3
BRDA:168,19,0,2
BRDA:168,19,1,1
BRDA:170,20,0,2
BRDA:170,20,1,0
BRF:41
BRH:34
end_of_record
TN:
SF:scripts\modules\ui-updates.mjs
FN:9,(anonymous_0)
FN:16,(anonymous_1)
FN:54,(anonymous_2)
FN:58,(anonymous_3)
FN:68,(anonymous_4)
FN:77,(anonymous_5)
FN:85,(anonymous_6)
FN:100,(anonymous_7)
FN:112,(anonymous_8)
FN:113,(anonymous_9)
FN:123,(anonymous_10)
FN:177,(anonymous_11)
FN:193,(anonymous_12)
FN:220,(anonymous_13)
FN:241,(anonymous_14)
FN:252,(anonymous_15)
FN:263,(anonymous_16)
FN:269,(anonymous_17)
FN:295,(anonymous_18)
FN:315,(anonymous_19)
FN:350,(anonymous_20)
FN:363,(anonymous_21)
FN:417,(anonymous_22)
FN:420,(anonymous_23)
FN:425,(anonymous_24)
FN:447,(anonymous_25)
FN:455,(anonymous_26)
FN:462,(anonymous_27)
FN:467,(anonymous_28)
FN:473,(anonymous_29)
FN:490,(anonymous_30)
FN:500,(anonymous_31)
FN:532,(anonymous_32)
FN:559,(anonymous_33)
FN:564,(anonymous_34)
FN:583,(anonymous_35)
FN:596,(anonymous_36)
FN:620,(anonymous_37)
FN:639,(anonymous_38)
FN:660,(anonymous_39)
FN:672,(anonymous_40)
FN:696,(anonymous_41)
FN:702,(anonymous_42)
FN:709,(anonymous_43)
FN:717,(anonymous_44)
FN:724,(anonymous_45)
FN:730,(anonymous_46)
FN:737,(anonymous_47)
FN:745,(anonymous_48)
FN:751,(anonymous_49)
FN:761,(anonymous_50)
FN:774,(anonymous_51)
FN:793,(anonymous_52)
FNF:53
FNH:17
FNDA:22,(anonymous_0)
FNDA:0,(anonymous_1)
FNDA:0,(anonymous_2)
FNDA:0,(anonymous_3)
FNDA:0,(anonymous_4)
FNDA:0,(anonymous_5)
FNDA:0,(anonymous_6)
FNDA:0,(anonymous_7)
FNDA:0,(anonymous_8)
FNDA:0,(anonymous_9)
FNDA:2,(anonymous_10)
FNDA:0,(anonymous_11)
FNDA:0,(anonymous_12)
FNDA:0,(anonymous_13)
FNDA:2,(anonymous_14)
FNDA:2,(anonymous_15)
FNDA:2,(anonymous_16)
FNDA:2,(anonymous_17)
FNDA:2,(anonymous_18)
FNDA:0,(anonymous_19)
FNDA:1,(anonymous_20)
FNDA:1,(anonymous_21)
FNDA:1,(anonymous_22)
FNDA:1,(anonymous_23)
FNDA:0,(anonymous_24)
FNDA:0,(anonymous_25)
FNDA:0,(anonymous_26)
FNDA:0,(anonymous_27)
FNDA:0,(anonymous_28)
FNDA:0,(anonymous_29)
FNDA:0,(anonymous_30)
FNDA:0,(anonymous_31)
FNDA:1,(anonymous_32)
FNDA:0,(anonymous_33)
FNDA:0,(anonymous_34)
FNDA:8,(anonymous_35)
FNDA:1,(anonymous_36)
FNDA:1,(anonymous_37)
FNDA:0,(anonymous_38)
FNDA:0,(anonymous_39)
FNDA:0,(anonymous_40)
FNDA:0,(anonymous_41)
FNDA:0,(anonymous_42)
FNDA:0,(anonymous_43)
FNDA:0,(anonymous_44)
FNDA:0,(anonymous_45)
FNDA:0,(anonymous_46)
FNDA:0,(anonymous_47)
FNDA:0,(anonymous_48)
FNDA:8,(anonymous_49)
FNDA:0,(anonymous_50)
FNDA:0,(anonymous_51)
FNDA:3,(anonymous_52)
DA:10,22
DA:11,22
DA:12,22
DA:17,0
DA:18,0
DA:20,0
DA:27,0
DA:28,0
DA:29,0
DA:45,0
DA:46,0
DA:48,0
DA:49,0
DA:52,0
DA:54,0
DA:55,0
DA:56,0
DA:57,0
DA:58,0
DA:59,0
DA:60,0
DA:69,0
DA:70,0
DA:71,0
DA:72,0
DA:73,0
DA:78,0
DA:79,0
DA:80,0
DA:81,0
DA:86,0
DA:87,0
DA:88,0
DA:89,0
DA:93,0
DA:94,0
DA:96,0
DA:97,0
DA:101,0
DA:102,0
DA:103,0
DA:104,0
DA:105,0
DA:106,0
DA:107,0
DA:113,0
DA:114,0
DA:115,0
DA:116,0
DA:117,0
DA:125,2
DA:126,2
DA:128,2
DA:129,2
DA:132,2
DA:133,2
DA:137,2
DA:138,2
DA:140,0
DA:141,0
DA:143,0
DA:152,0
DA:153,0
DA:154,0
DA:156,0
DA:157,0
DA:158,0
DA:159,0
DA:161,0
DA:162,0
DA:163,0
DA:164,0
DA:166,0
DA:167,0
DA:168,0
DA:169,0
DA:171,0
DA:174,0
DA:178,0
DA:179,0
DA:182,0
DA:184,0
DA:185,0
DA:186,0
DA:188,0
DA:189,0
DA:195,0
DA:206,0
DA:208,0
DA:209,0
DA:215,0
DA:216,0
DA:217,0
DA:220,0
DA:222,0
DA:223,0
DA:226,0
DA:227,0
DA:230,0
DA:231,0
DA:237,0
DA:242,2
DA:243,2
DA:245,2
DA:246,0
DA:247,0
DA:253,2
DA:254,2
DA:256,2
DA:257,2
DA:258,2
DA:264,2
DA:265,2
DA:267,2
DA:269,2
DA:270,2
DA:271,2
DA:272,2
DA:281,2
DA:282,2
DA:283,2
DA:284,2
DA:286,2
DA:287,2
DA:288,2
DA:290,2
DA:296,2
DA:299,2
DA:310,2
DA:311,2
DA:313,2
DA:315,0
DA:316,0
DA:317,0
DA:318,0
DA:319,0
DA:321,0
DA:325,2
DA:328,2
DA:329,1
DA:330,1
DA:333,1
DA:334,1
DA:335,1
DA:336,1
DA:337,1
DA:338,1
DA:341,1
DA:342,0
DA:345,0
DA:351,1
DA:352,0
DA:353,0
DA:356,1
DA:359,1
DA:360,1
DA:361,1
DA:363,1
DA:364,1
DA:365,1
DA:368,1
DA:371,1
DA:372,1
DA:373,1
DA:376,1
DA:408,1
DA:411,1
DA:414,1
DA:418,1
DA:420,1
DA:421,1
DA:422,1
DA:425,1
DA:427,0
DA:428,0
DA:432,0
DA:433,0
DA:438,0
DA:439,0
DA:440,0
DA:445,1
DA:446,1
DA:447,1
DA:448,0
DA:449,0
DA:451,1
DA:455,1
DA:456,0
DA:457,0
DA:458,0
DA:462,1
DA:463,0
DA:464,0
DA:467,1
DA:468,0
DA:474,0
DA:477,0
DA:478,0
DA:479,0
DA:483,0
DA:484,0
DA:486,0
DA:491,0
DA:493,0
DA:494,0
DA:496,0
DA:501,0
DA:503,0
DA:504,0
DA:505,0
DA:509,0
DA:510,0
DA:512,0
DA:516,0
DA:517,0
DA:519,0
DA:520,0
DA:521,0
DA:522,0
DA:523,0
DA:524,0
DA:525,0
DA:526,0
DA:528,0
DA:533,1
DA:534,1
DA:535,1
DA:537,1
DA:538,1
DA:539,1
DA:541,1
DA:543,1
DA:546,1
DA:547,0
DA:548,0
DA:550,1
DA:551,1
DA:552,0
DA:555,0
DA:556,0
DA:557,0
DA:559,0
DA:560,0
DA:561,0
DA:564,0
DA:565,0
DA:566,0
DA:568,0
DA:569,0
DA:573,0
DA:577,0
DA:584,8
DA:585,8
DA:586,7
DA:587,5
DA:588,4
DA:589,3
DA:590,2
DA:591,1
DA:592,1
DA:593,1
DA:598,1
DA:599,0
DA:602,1
DA:603,1
DA:605,0
DA:606,0
DA:608,0
DA:621,1
DA:622,0
DA:625,1
DA:626,1
DA:628,0
DA:629,0
DA:630,0
DA:636,0
DA:640,0
DA:641,0
DA:643,0
DA:645,0
DA:646,0
DA:647,0
DA:651,0
DA:652,0
DA:653,0
DA:657,0
DA:661,0
DA:670,0
DA:673,0
DA:674,0
DA:698,0
DA:699,0
DA:701,0
DA:702,0
DA:703,0
DA:704,0
DA:708,0
DA:709,0
DA:710,0
DA:711,0
DA:716,0
DA:717,0
DA:718,0
DA:719,0
DA:726,0
DA:727,0
DA:729,0
DA:730,0
DA:731,0
DA:732,0
DA:736,0
DA:737,0
DA:738,0
DA:739,0
DA:744,0
DA:745,0
DA:746,0
DA:752,8
DA:762,0
DA:763,0
DA:765,0
DA:766,0
DA:768,0
DA:769,0
DA:775,0
DA:776,0
DA:777,0
DA:778,0
DA:779,0
DA:780,0
DA:781,0
DA:782,0
DA:783,0
DA:784,0
DA:785,0
DA:786,0
DA:787,0
DA:788,0
DA:789,0
DA:790,0
DA:794,3
DA:795,3
DA:798,3
DA:799,3
DA:800,3
DA:801,3
DA:802,3
DA:804,3
DA:805,3
DA:806,3
DA:807,3
DA:808,3
DA:811,3
DA:812,3
DA:813,3
DA:815,3
DA:816,3
DA:817,3
DA:820,3
DA:821,3
DA:822,3
DA:824,3
DA:825,3
DA:826,3
LF:364
LH:130
BRDA:9,0,0,22
BRDA:16,1,0,0
BRDA:33,2,0,0
BRDA:33,2,1,0
BRDA:55,3,0,0
BRDA:55,3,1,0
BRDA:59,4,0,0
BRDA:59,4,1,0
BRDA:71,5,0,0
BRDA:71,5,1,0
BRDA:80,6,0,0
BRDA:80,6,1,0
BRDA:88,7,0,0
BRDA:88,7,1,0
BRDA:96,8,0,0
BRDA:96,8,1,0
BRDA:97,9,0,0
BRDA:97,9,1,0
BRDA:100,10,0,0
BRDA:104,11,0,0
BRDA:104,11,1,0
BRDA:106,12,0,0
BRDA:106,12,1,0
BRDA:115,13,0,0
BRDA:115,13,1,0
BRDA:128,14,0,2
BRDA:128,14,1,0
BRDA:132,15,0,2
BRDA:132,15,1,0
BRDA:138,16,0,2
BRDA:138,16,1,0
BRDA:141,17,0,0
BRDA:141,17,1,0
BRDA:168,18,0,0
BRDA:168,18,1,0
BRDA:179,19,0,0
BRDA:179,19,1,0
BRDA:184,20,0,0
BRDA:184,20,1,0
BRDA:216,21,0,0
BRDA:216,21,1,0
BRDA:217,22,0,0
BRDA:217,22,1,0
BRDA:217,22,2,0
BRDA:220,23,0,0
BRDA:220,23,1,0
BRDA:220,24,0,0
BRDA:220,24,1,0
BRDA:222,25,0,0
BRDA:222,25,1,0
BRDA:222,26,0,0
BRDA:222,26,1,0
BRDA:226,27,0,0
BRDA:226,27,1,0
BRDA:226,28,0,0
BRDA:226,28,1,0
BRDA:230,29,0,0
BRDA:230,29,1,0
BRDA:230,30,0,0
BRDA:230,30,1,0
BRDA:241,31,0,0
BRDA:242,32,0,1
BRDA:242,32,1,1
BRDA:245,33,0,0
BRDA:245,33,1,2
BRDA:252,34,0,0
BRDA:253,35,0,1
BRDA:253,35,1,1
BRDA:256,36,0,2
BRDA:256,36,1,0
BRDA:265,37,0,0
BRDA:265,37,1,2
BRDA:275,38,0,0
BRDA:275,38,1,2
BRDA:295,39,0,0
BRDA:300,40,0,1
BRDA:300,40,1,1
BRDA:302,41,0,1
BRDA:302,41,1,1
BRDA:303,42,0,1
BRDA:303,42,1,1
BRDA:304,43,0,1
BRDA:304,43,1,1
BRDA:306,44,0,1
BRDA:306,44,1,1
BRDA:307,45,0,1
BRDA:307,45,1,1
BRDA:313,46,0,0
BRDA:313,46,1,2
BRDA:318,47,0,0
BRDA:318,47,1,0
BRDA:328,48,0,1
BRDA:328,48,1,1
BRDA:336,49,0,1
BRDA:336,49,1,0
BRDA:336,50,0,1
BRDA:336,50,1,1
BRDA:341,51,0,0
BRDA:341,51,1,1
BRDA:341,52,0,1
BRDA:341,52,1,1
BRDA:341,52,2,1
BRDA:351,53,0,0
BRDA:351,53,1,1
BRDA:359,54,0,1
BRDA:359,54,1,1
BRDA:359,54,2,1
BRDA:361,55,0,0
BRDA:361,55,1,1
BRDA:364,56,0,1
BRDA:364,56,1,1
BRDA:365,57,0,0
BRDA:365,57,1,1
BRDA:368,58,0,1
BRDA:368,58,1,1
BRDA:371,59,0,1
BRDA:371,59,1,0
BRDA:372,60,0,1
BRDA:372,60,1,0
BRDA:373,61,0,0
BRDA:373,61,1,1
BRDA:373,62,0,1
BRDA:373,62,1,0
BRDA:377,63,0,0
BRDA:377,63,1,1
BRDA:378,64,0,1
BRDA:378,64,1,1
BRDA:380,65,0,0
BRDA:380,65,1,1
BRDA:383,66,0,0
BRDA:383,66,1,1
BRDA:383,67,0,1
BRDA:383,67,1,1
BRDA:384,68,0,0
BRDA:384,68,1,1
BRDA:384,69,0,1
BRDA:384,69,1,0
BRDA:389,70,0,0
BRDA:389,70,1,1
BRDA:398,71,0,1
BRDA:398,71,1,0
BRDA:399,72,0,1
BRDA:399,72,1,0
BRDA:401,73,0,0
BRDA:401,73,1,1
BRDA:401,74,0,1
BRDA:401,74,1,0
BRDA:427,75,0,0
BRDA:427,75,1,0
BRDA:433,76,0,0
BRDA:433,76,1,0
BRDA:433,76,2,0
BRDA:438,77,0,0
BRDA:438,77,1,0
BRDA:446,78,0,1
BRDA:446,78,1,0
BRDA:477,79,0,0
BRDA:477,79,1,0
BRDA:477,80,0,0
BRDA:477,80,1,0
BRDA:477,80,2,0
BRDA:483,81,0,0
BRDA:483,81,1,0
BRDA:483,82,0,0
BRDA:483,82,1,0
BRDA:493,83,0,0
BRDA:493,83,1,0
BRDA:493,84,0,0
BRDA:493,84,1,0
BRDA:503,85,0,0
BRDA:503,85,1,0
BRDA:509,86,0,0
BRDA:509,86,1,0
BRDA:512,87,0,0
BRDA:512,87,1,0
BRDA:512,87,2,0
BRDA:516,88,0,0
BRDA:516,88,1,0
BRDA:516,88,2,0
BRDA:517,89,0,0
BRDA:517,89,1,0
BRDA:517,89,2,0
BRDA:519,90,0,0
BRDA:519,90,1,0
BRDA:519,91,0,0
BRDA:519,91,1,0
BRDA:521,92,0,0
BRDA:521,92,1,0
BRDA:521,93,0,0
BRDA:521,93,1,0
BRDA:523,94,0,0
BRDA:523,94,1,0
BRDA:523,95,0,0
BRDA:523,95,1,0
BRDA:525,96,0,0
BRDA:525,96,1,0
BRDA:539,97,0,0
BRDA:539,97,1,1
BRDA:546,98,0,0
BRDA:546,98,1,1
BRDA:555,99,0,0
BRDA:555,99,1,0
BRDA:568,100,0,0
BRDA:568,100,1,0
BRDA:584,101,0,8
BRDA:584,101,1,0
BRDA:585,102,0,1
BRDA:585,102,1,7
BRDA:586,103,0,2
BRDA:586,103,1,5
BRDA:587,104,0,1
BRDA:587,104,1,4
BRDA:588,105,0,1
BRDA:588,105,1,3
BRDA:589,106,0,1
BRDA:589,106,1,2
BRDA:590,107,0,1
BRDA:590,107,1,1
BRDA:591,108,0,0
BRDA:591,108,1,1
BRDA:592,109,0,0
BRDA:592,109,1,1
BRDA:598,110,0,0
BRDA:598,110,1,1
BRDA:598,111,0,1
BRDA:598,111,1,1
BRDA:603,112,0,1
BRDA:603,112,1,0
BRDA:606,113,0,0
BRDA:606,113,1,0
BRDA:613,114,0,0
BRDA:613,114,1,0
BRDA:615,115,0,0
BRDA:615,115,1,0
BRDA:621,116,0,0
BRDA:621,116,1,1
BRDA:621,117,0,1
BRDA:621,117,1,0
BRDA:625,118,0,1
BRDA:625,118,1,1
BRDA:626,119,0,1
BRDA:626,119,1,0
BRDA:629,120,0,0
BRDA:629,120,1,0
BRDA:631,121,0,0
BRDA:631,121,1,0
BRDA:632,122,0,0
BRDA:632,122,1,0
BRDA:643,123,0,0
BRDA:643,123,1,0
BRDA:645,124,0,0
BRDA:645,124,1,0
BRDA:651,125,0,0
BRDA:651,125,1,0
BRDA:673,126,0,0
BRDA:673,126,1,0
BRDA:701,127,0,0
BRDA:701,127,1,0
BRDA:703,128,0,0
BRDA:703,128,1,0
BRDA:708,129,0,0
BRDA:708,129,1,0
BRDA:710,130,0,0
BRDA:710,130,1,0
BRDA:718,131,0,0
BRDA:718,131,1,0
BRDA:718,132,0,0
BRDA:718,132,1,0
BRDA:729,133,0,0
BRDA:729,133,1,0
BRDA:731,134,0,0
BRDA:731,134,1,0
BRDA:736,135,0,0
BRDA:736,135,1,0
BRDA:738,136,0,0
BRDA:738,136,1,0
BRDA:765,137,0,0
BRDA:765,137,1,0
BRDA:768,138,0,0
BRDA:768,138,1,0
BRDA:804,139,0,3
BRDA:804,139,1,0
BRDA:805,140,0,3
BRDA:805,140,1,0
BRDA:806,141,0,0
BRDA:806,141,1,3
BRDA:807,142,0,0
BRDA:807,142,1,3
BRDA:808,143,0,0
BRDA:808,143,1,3
BRDA:815,144,0,3
BRDA:815,144,1,0
BRDA:816,145,0,3
BRDA:816,145,1,0
BRDA:817,146,0,0
BRDA:817,146,1,3
BRDA:824,147,0,3
BRDA:824,147,1,0
BRDA:825,148,0,3
BRDA:825,148,1,0
BRDA:826,149,0,0
BRDA:826,149,1,3
BRF:302
BRH:100
end_of_record
